[ 2016-07-16T17:47:08+08:00 ] ::1 /soil/index.php/Home/Data/index.html
INFO: [ app_init ] --START--
INFO: Run Behavior\BuildLiteBehavior [ RunTime:0.000000s ]
INFO: [ app_init ] --END-- [ RunTime:0.000000s ]
INFO: [ app_begin ] --START--
INFO: Run Behavior\ReadHtmlCacheBehavior [ RunTime:0.000000s ]
INFO: [ app_begin ] --END-- [ RunTime:0.000000s ]
SQL: SELECT * FROM `sj_left` WHERE ( `type`='data' )  [ RunTime:0.0000s ]
SQL: SELECT * FROM `sj_top` WHERE ( `type`='技术部' )  [ RunTime:0.0010s ]
SQL: show table status [ RunTime:0.0030s ]
INFO: [ view_parse ] --START--
INFO: [ template_filter ] --START--
INFO: Run Behavior\ContentReplaceBehavior [ RunTime:0.000000s ]
INFO: [ template_filter ] --END-- [ RunTime:0.000000s ]
NOTIC: [8] Use of undefined constant Fixed - assumed 'Fixed' D:\WWW\SOIL\SOIL\Runtime\Cache\Home\a972f372076d4ed29284f4d552316221.php 第 133 行.
NOTIC: [8] Use of undefined constant Fixed - assumed 'Fixed' D:\WWW\SOIL\SOIL\Runtime\Cache\Home\a972f372076d4ed29284f4d552316221.php 第 133 行.
NOTIC: [8] Use of undefined constant Fixed - assumed 'Fixed' D:\WWW\SOIL\SOIL\Runtime\Cache\Home\a972f372076d4ed29284f4d552316221.php 第 133 行.
NOTIC: [8] Use of undefined constant Fixed - assumed 'Fixed' D:\WWW\SOIL\SOIL\Runtime\Cache\Home\a972f372076d4ed29284f4d552316221.php 第 133 行.
NOTIC: [8] Use of undefined constant Fixed - assumed 'Fixed' D:\WWW\SOIL\SOIL\Runtime\Cache\Home\a972f372076d4ed29284f4d552316221.php 第 133 行.
NOTIC: [8] Use of undefined constant Fixed - assumed 'Fixed' D:\WWW\SOIL\SOIL\Runtime\Cache\Home\a972f372076d4ed29284f4d552316221.php 第 133 行.
NOTIC: [8] Use of undefined constant Fixed - assumed 'Fixed' D:\WWW\SOIL\SOIL\Runtime\Cache\Home\a972f372076d4ed29284f4d552316221.php 第 133 行.
NOTIC: [8] Use of undefined constant Fixed - assumed 'Fixed' D:\WWW\SOIL\SOIL\Runtime\Cache\Home\a972f372076d4ed29284f4d552316221.php 第 133 行.
NOTIC: [8] Use of undefined constant Fixed - assumed 'Fixed' D:\WWW\SOIL\SOIL\Runtime\Cache\Home\a972f372076d4ed29284f4d552316221.php 第 133 行.
NOTIC: [8] Use of undefined constant Fixed - assumed 'Fixed' D:\WWW\SOIL\SOIL\Runtime\Cache\Home\a972f372076d4ed29284f4d552316221.php 第 133 行.
NOTIC: [8] Use of undefined constant Fixed - assumed 'Fixed' D:\WWW\SOIL\SOIL\Runtime\Cache\Home\a972f372076d4ed29284f4d552316221.php 第 133 行.
INFO: Run Behavior\ParseTemplateBehavior [ RunTime:0.033002s ]
INFO: [ view_parse ] --END-- [ RunTime:0.033002s ]
INFO: [ view_filter ] --START--
INFO: Run Behavior\WriteHtmlCacheBehavior [ RunTime:0.001000s ]
INFO: [ view_filter ] --END-- [ RunTime:0.001000s ]
INFO: [ app_end ] --START--
INFO: Run Behavior\ShowPageTraceBehavior [ RunTime:0.001000s ]
INFO: [ app_end ] --END-- [ RunTime:0.002000s ]

[ 2016-07-16T17:47:13+08:00 ] ::1 /soil/index.php/Home/Data/tabdetail/name/sj_demo1468662416.html
INFO: [ app_init ] --START--
INFO: Run Behavior\BuildLiteBehavior [ RunTime:0.000000s ]
INFO: [ app_init ] --END-- [ RunTime:0.001000s ]
INFO: [ app_begin ] --START--
INFO: Run Behavior\ReadHtmlCacheBehavior [ RunTime:0.002000s ]
INFO: [ app_begin ] --END-- [ RunTime:0.002000s ]
SQL: SELECT * FROM `sj_left` WHERE ( `type`='data' )  [ RunTime:0.0000s ]
SQL: SELECT * FROM `sj_top` WHERE ( `type`='技术部' )  [ RunTime:0.0010s ]
SQL: SELECT
		COLUMN_NAME,
		COLUMN_COMMENT  AS  `备注`
		FROM information_schema.COLUMNS WHERE TABLE_NAME='sj_demo1468662416' [ RunTime:0.0110s ]
SQL: SHOW COLUMNS FROM `sj_demo1468662416` [ RunTime:0.0100s ]
SQL: SELECT * FROM `sj_demo1468662416`  [ RunTime:0.0230s ]
INFO: [ view_parse ] --START--
INFO: [ template_filter ] --START--
INFO: Run Behavior\ContentReplaceBehavior [ RunTime:0.000000s ]
INFO: [ template_filter ] --END-- [ RunTime:0.000000s ]
NOTIC: [8] Use of undefined constant vo2 - assumed 'vo2' D:\WWW\SOIL\SOIL\Runtime\Cache\Home\6692284aa9dbe4fcd25471833996c092.php 第 116 行.
NOTIC: [8] Use of undefined constant id - assumed 'id' D:\WWW\SOIL\SOIL\Runtime\Cache\Home\6692284aa9dbe4fcd25471833996c092.php 第 116 行.
NOTIC: [8] Undefined variable: id D:\WWW\SOIL\SOIL\Runtime\Cache\Home\6692284aa9dbe4fcd25471833996c092.php 第 118 行.
NOTIC: [8] Use of undefined constant vo2 - assumed 'vo2' D:\WWW\SOIL\SOIL\Runtime\Cache\Home\6692284aa9dbe4fcd25471833996c092.php 第 116 行.
NOTIC: [8] Use of undefined constant id - assumed 'id' D:\WWW\SOIL\SOIL\Runtime\Cache\Home\6692284aa9dbe4fcd25471833996c092.php 第 116 行.
NOTIC: [8] Undefined variable: id D:\WWW\SOIL\SOIL\Runtime\Cache\Home\6692284aa9dbe4fcd25471833996c092.php 第 118 行.
NOTIC: [8] Use of undefined constant vo2 - assumed 'vo2' D:\WWW\SOIL\SOIL\Runtime\Cache\Home\6692284aa9dbe4fcd25471833996c092.php 第 116 行.
NOTIC: [8] Use of undefined constant id - assumed 'id' D:\WWW\SOIL\SOIL\Runtime\Cache\Home\6692284aa9dbe4fcd25471833996c092.php 第 116 行.
NOTIC: [8] Undefined variable: id D:\WWW\SOIL\SOIL\Runtime\Cache\Home\6692284aa9dbe4fcd25471833996c092.php 第 118 行.
NOTIC: [8] Use of undefined constant vo2 - assumed 'vo2' D:\WWW\SOIL\SOIL\Runtime\Cache\Home\6692284aa9dbe4fcd25471833996c092.php 第 116 行.
NOTIC: [8] Use of undefined constant id - assumed 'id' D:\WWW\SOIL\SOIL\Runtime\Cache\Home\6692284aa9dbe4fcd25471833996c092.php 第 116 行.
NOTIC: [8] Undefined variable: id D:\WWW\SOIL\SOIL\Runtime\Cache\Home\6692284aa9dbe4fcd25471833996c092.php 第 118 行.
NOTIC: [8] Use of undefined constant vo2 - assumed 'vo2' D:\WWW\SOIL\SOIL\Runtime\Cache\Home\6692284aa9dbe4fcd25471833996c092.php 第 116 行.
NOTIC: [8] Use of undefined constant id - assumed 'id' D:\WWW\SOIL\SOIL\Runtime\Cache\Home\6692284aa9dbe4fcd25471833996c092.php 第 116 行.
NOTIC: [8] Undefined variable: id D:\WWW\SOIL\SOIL\Runtime\Cache\Home\6692284aa9dbe4fcd25471833996c092.php 第 118 行.
NOTIC: [8] Use of undefined constant vo2 - assumed 'vo2' D:\WWW\SOIL\SOIL\Runtime\Cache\Home\6692284aa9dbe4fcd25471833996c092.php 第 116 行.
NOTIC: [8] Use of undefined constant id - assumed 'id' D:\WWW\SOIL\SOIL\Runtime\Cache\Home\6692284aa9dbe4fcd25471833996c092.php 第 116 行.
NOTIC: [8] Undefined variable: id D:\WWW\SOIL\SOIL\Runtime\Cache\Home\6692284aa9dbe4fcd25471833996c092.php 第 118 行.
NOTIC: [8] Use of undefined constant vo2 - assumed 'vo2' D:\WWW\SOIL\SOIL\Runtime\Cache\Home\6692284aa9dbe4fcd25471833996c092.php 第 116 行.
NOTIC: [8] Use of undefined constant id - assumed 'id' D:\WWW\SOIL\SOIL\Runtime\Cache\Home\6692284aa9dbe4fcd25471833996c092.php 第 116 行.
NOTIC: [8] Undefined variable: id D:\WWW\SOIL\SOIL\Runtime\Cache\Home\6692284aa9dbe4fcd25471833996c092.php 第 118 行.
NOTIC: [8] Use of undefined constant vo2 - assumed 'vo2' D:\WWW\SOIL\SOIL\Runtime\Cache\Home\6692284aa9dbe4fcd25471833996c092.php 第 116 行.
NOTIC: [8] Use of undefined constant id - assumed 'id' D:\WWW\SOIL\SOIL\Runtime\Cache\Home\6692284aa9dbe4fcd25471833996c092.php 第 116 行.
NOTIC: [8] Undefined variable: id D:\WWW\SOIL\SOIL\Runtime\Cache\Home\6692284aa9dbe4fcd25471833996c092.php 第 118 行.
NOTIC: [8] Use of undefined constant vo2 - assumed 'vo2' D:\WWW\SOIL\SOIL\Runtime\Cache\Home\6692284aa9dbe4fcd25471833996c092.php 第 116 行.
NOTIC: [8] Use of undefined constant id - assumed 'id' D:\WWW\SOIL\SOIL\Runtime\Cache\Home\6692284aa9dbe4fcd25471833996c092.php 第 116 行.
NOTIC: [8] Undefined variable: id D:\WWW\SOIL\SOIL\Runtime\Cache\Home\6692284aa9dbe4fcd25471833996c092.php 第 118 行.
NOTIC: [8] Use of undefined constant vo2 - assumed 'vo2' D:\WWW\SOIL\SOIL\Runtime\Cache\Home\6692284aa9dbe4fcd25471833996c092.php 第 116 行.
NOTIC: [8] Use of undefined constant id - assumed 'id' D:\WWW\SOIL\SOIL\Runtime\Cache\Home\6692284aa9dbe4fcd25471833996c092.php 第 116 行.
NOTIC: [8] Undefined variable: id D:\WWW\SOIL\SOIL\Runtime\Cache\Home\6692284aa9dbe4fcd25471833996c092.php 第 118 行.
NOTIC: [8] Use of undefined constant vo2 - assumed 'vo2' D:\WWW\SOIL\SOIL\Runtime\Cache\Home\6692284aa9dbe4fcd25471833996c092.php 第 116 行.
NOTIC: [8] Use of undefined constant id - assumed 'id' D:\WWW\SOIL\SOIL\Runtime\Cache\Home\6692284aa9dbe4fcd25471833996c092.php 第 116 行.
NOTIC: [8] Undefined variable: id D:\WWW\SOIL\SOIL\Runtime\Cache\Home\6692284aa9dbe4fcd25471833996c092.php 第 118 行.
NOTIC: [8] Use of undefined constant vo2 - assumed 'vo2' D:\WWW\SOIL\SOIL\Runtime\Cache\Home\6692284aa9dbe4fcd25471833996c092.php 第 116 行.
NOTIC: [8] Use of undefined constant id - assumed 'id' D:\WWW\SOIL\SOIL\Runtime\Cache\Home\6692284aa9dbe4fcd25471833996c092.php 第 116 行.
NOTIC: [8] Undefined variable: id D:\WWW\SOIL\SOIL\Runtime\Cache\Home\6692284aa9dbe4fcd25471833996c092.php 第 118 行.
NOTIC: [8] Use of undefined constant vo2 - assumed 'vo2' D:\WWW\SOIL\SOIL\Runtime\Cache\Home\6692284aa9dbe4fcd25471833996c092.php 第 116 行.
NOTIC: [8] Use of undefined constant id - assumed 'id' D:\WWW\SOIL\SOIL\Runtime\Cache\Home\6692284aa9dbe4fcd25471833996c092.php 第 116 行.
NOTIC: [8] Undefined variable: id D:\WWW\SOIL\SOIL\Runtime\Cache\Home\6692284aa9dbe4fcd25471833996c092.php 第 118 行.
NOTIC: [8] Use of undefined constant vo2 - assumed 'vo2' D:\WWW\SOIL\SOIL\Runtime\Cache\Home\6692284aa9dbe4fcd25471833996c092.php 第 116 行.
NOTIC: [8] Use of undefined constant id - assumed 'id' D:\WWW\SOIL\SOIL\Runtime\Cache\Home\6692284aa9dbe4fcd25471833996c092.php 第 116 行.
NOTIC: [8] Undefined variable: id D:\WWW\SOIL\SOIL\Runtime\Cache\Home\6692284aa9dbe4fcd25471833996c092.php 第 118 行.
NOTIC: [8] Use of undefined constant vo2 - assumed 'vo2' D:\WWW\SOIL\SOIL\Runtime\Cache\Home\6692284aa9dbe4fcd25471833996c092.php 第 116 行.
NOTIC: [8] Use of undefined constant id - assumed 'id' D:\WWW\SOIL\SOIL\Runtime\Cache\Home\6692284aa9dbe4fcd25471833996c092.php 第 116 行.
NOTIC: [8] Undefined variable: id D:\WWW\SOIL\SOIL\Runtime\Cache\Home\6692284aa9dbe4fcd25471833996c092.php 第 118 行.
NOTIC: [8] Use of undefined constant vo2 - assumed 'vo2' D:\WWW\SOIL\SOIL\Runtime\Cache\Home\6692284aa9dbe4fcd25471833996c092.php 第 116 行.
NOTIC: [8] Use of undefined constant id - assumed 'id' D:\WWW\SOIL\SOIL\Runtime\Cache\Home\6692284aa9dbe4fcd25471833996c092.php 第 116 行.
NOTIC: [8] Undefined variable: id D:\WWW\SOIL\SOIL\Runtime\Cache\Home\6692284aa9dbe4fcd25471833996c092.php 第 118 行.
NOTIC: [8] Use of undefined constant vo2 - assumed 'vo2' D:\WWW\SOIL\SOIL\Runtime\Cache\Home\6692284aa9dbe4fcd25471833996c092.php 第 116 行.
NOTIC: [8] Use of undefined constant id - assumed 'id' D:\WWW\SOIL\SOIL\Runtime\Cache\Home\6692284aa9dbe4fcd25471833996c092.php 第 116 行.
NOTIC: [8] Undefined variable: id D:\WWW\SOIL\SOIL\Runtime\Cache\Home\6692284aa9dbe4fcd25471833996c092.php 第 118 行.
NOTIC: [8] Use of undefined constant vo2 - assumed 'vo2' D:\WWW\SOIL\SOIL\Runtime\Cache\Home\6692284aa9dbe4fcd25471833996c092.php 第 116 行.
NOTIC: [8] Use of undefined constant id - assumed 'id' D:\WWW\SOIL\SOIL\Runtime\Cache\Home\6692284aa9dbe4fcd25471833996c092.php 第 116 行.
NOTIC: [8] Undefined variable: id D:\WWW\SOIL\SOIL\Runtime\Cache\Home\6692284aa9dbe4fcd25471833996c092.php 第 118 行.
NOTIC: [8] Use of undefined constant vo2 - assumed 'vo2' D:\WWW\SOIL\SOIL\Runtime\Cache\Home\6692284aa9dbe4fcd25471833996c092.php 第 116 行.
NOTIC: [8] Use of undefined constant id - assumed 'id' D:\WWW\SOIL\SOIL\Runtime\Cache\Home\6692284aa9dbe4fcd25471833996c092.php 第 116 行.
NOTIC: [8] Undefined variable: id D:\WWW\SOIL\SOIL\Runtime\Cache\Home\6692284aa9dbe4fcd25471833996c092.php 第 118 行.
NOTIC: [8] Use of undefined constant vo2 - assumed 'vo2' D:\WWW\SOIL\SOIL\Runtime\Cache\Home\6692284aa9dbe4fcd25471833996c092.php 第 116 行.
NOTIC: [8] Use of undefined constant id - assumed 'id' D:\WWW\SOIL\SOIL\Runtime\Cache\Home\6692284aa9dbe4fcd25471833996c092.php 第 116 行.
NOTIC: [8] Undefined variable: id D:\WWW\SOIL\SOIL\Runtime\Cache\Home\6692284aa9dbe4fcd25471833996c092.php 第 118 行.
NOTIC: [8] Use of undefined constant vo2 - assumed 'vo2' D:\WWW\SOIL\SOIL\Runtime\Cache\Home\6692284aa9dbe4fcd25471833996c092.php 第 116 行.
NOTIC: [8] Use of undefined constant id - assumed 'id' D:\WWW\SOIL\SOIL\Runtime\Cache\Home\6692284aa9dbe4fcd25471833996c092.php 第 116 行.
NOTIC: [8] Undefined variable: id D:\WWW\SOIL\SOIL\Runtime\Cache\Home\6692284aa9dbe4fcd25471833996c092.php 第 118 行.
NOTIC: [8] Use of undefined constant vo2 - assumed 'vo2' D:\WWW\SOIL\SOIL\Runtime\Cache\Home\6692284aa9dbe4fcd25471833996c092.php 第 116 行.
NOTIC: [8] Use of undefined constant id - assumed 'id' D:\WWW\SOIL\SOIL\Runtime\Cache\Home\6692284aa9dbe4fcd25471833996c092.php 第 116 行.
NOTIC: [8] Undefined variable: id D:\WWW\SOIL\SOIL\Runtime\Cache\Home\6692284aa9dbe4fcd25471833996c092.php 第 118 行.
NOTIC: [8] Use of undefined constant vo2 - assumed 'vo2' D:\WWW\SOIL\SOIL\Runtime\Cache\Home\6692284aa9dbe4fcd25471833996c092.php 第 116 行.
NOTIC: [8] Use of undefined constant id - assumed 'id' D:\WWW\SOIL\SOIL\Runtime\Cache\Home\6692284aa9dbe4fcd25471833996c092.php 第 116 行.
NOTIC: [8] Undefined variable: id D:\WWW\SOIL\SOIL\Runtime\Cache\Home\6692284aa9dbe4fcd25471833996c092.php 第 118 行.
NOTIC: [8] Use of undefined constant vo2 - assumed 'vo2' D:\WWW\SOIL\SOIL\Runtime\Cache\Home\6692284aa9dbe4fcd25471833996c092.php 第 116 行.
NOTIC: [8] Use of undefined constant id - assumed 'id' D:\WWW\SOIL\SOIL\Runtime\Cache\Home\6692284aa9dbe4fcd25471833996c092.php 第 116 行.
NOTIC: [8] Undefined variable: id D:\WWW\SOIL\SOIL\Runtime\Cache\Home\6692284aa9dbe4fcd25471833996c092.php 第 118 行.
NOTIC: [8] Use of undefined constant vo2 - assumed 'vo2' D:\WWW\SOIL\SOIL\Runtime\Cache\Home\6692284aa9dbe4fcd25471833996c092.php 第 116 行.
NOTIC: [8] Use of undefined constant id - assumed 'id' D:\WWW\SOIL\SOIL\Runtime\Cache\Home\6692284aa9dbe4fcd25471833996c092.php 第 116 行.
NOTIC: [8] Undefined variable: id D:\WWW\SOIL\SOIL\Runtime\Cache\Home\6692284aa9dbe4fcd25471833996c092.php 第 118 行.
NOTIC: [8] Use of undefined constant vo2 - assumed 'vo2' D:\WWW\SOIL\SOIL\Runtime\Cache\Home\6692284aa9dbe4fcd25471833996c092.php 第 116 行.
NOTIC: [8] Use of undefined constant id - assumed 'id' D:\WWW\SOIL\SOIL\Runtime\Cache\Home\6692284aa9dbe4fcd25471833996c092.php 第 116 行.
NOTIC: [8] Undefined variable: id D:\WWW\SOIL\SOIL\Runtime\Cache\Home\6692284aa9dbe4fcd25471833996c092.php 第 118 行.
NOTIC: [8] Use of undefined constant vo2 - assumed 'vo2' D:\WWW\SOIL\SOIL\Runtime\Cache\Home\6692284aa9dbe4fcd25471833996c092.php 第 116 行.
NOTIC: [8] Use of undefined constant id - assumed 'id' D:\WWW\SOIL\SOIL\Runtime\Cache\Home\6692284aa9dbe4fcd25471833996c092.php 第 116 行.
NOTIC: [8] Undefined variable: id D:\WWW\SOIL\SOIL\Runtime\Cache\Home\6692284aa9dbe4fcd25471833996c092.php 第 118 行.
NOTIC: [8] Use of undefined constant vo2 - assumed 'vo2' D:\WWW\SOIL\SOIL\Runtime\Cache\Home\6692284aa9dbe4fcd25471833996c092.php 第 116 行.
NOTIC: [8] Use of undefined constant id - assumed 'id' D:\WWW\SOIL\SOIL\Runtime\Cache\Home\6692284aa9dbe4fcd25471833996c092.php 第 116 行.
NOTIC: [8] Undefined variable: id D:\WWW\SOIL\SOIL\Runtime\Cache\Home\6692284aa9dbe4fcd25471833996c092.php 第 118 行.
NOTIC: [8] Use of undefined constant vo2 - assumed 'vo2' D:\WWW\SOIL\SOIL\Runtime\Cache\Home\6692284aa9dbe4fcd25471833996c092.php 第 116 行.
NOTIC: [8] Use of undefined constant id - assumed 'id' D:\WWW\SOIL\SOIL\Runtime\Cache\Home\6692284aa9dbe4fcd25471833996c092.php 第 116 行.
NOTIC: [8] Undefined variable: id D:\WWW\SOIL\SOIL\Runtime\Cache\Home\6692284aa9dbe4fcd25471833996c092.php 第 118 行.
NOTIC: [8] Use of undefined constant vo2 - assumed 'vo2' D:\WWW\SOIL\SOIL\Runtime\Cache\Home\6692284aa9dbe4fcd25471833996c092.php 第 116 行.
NOTIC: [8] Use of undefined constant id - assumed 'id' D:\WWW\SOIL\SOIL\Runtime\Cache\Home\6692284aa9dbe4fcd25471833996c092.php 第 116 行.
NOTIC: [8] Undefined variable: id D:\WWW\SOIL\SOIL\Runtime\Cache\Home\6692284aa9dbe4fcd25471833996c092.php 第 118 行.
NOTIC: [8] Use of undefined constant vo2 - assumed 'vo2' D:\WWW\SOIL\SOIL\Runtime\Cache\Home\6692284aa9dbe4fcd25471833996c092.php 第 116 行.
NOTIC: [8] Use of undefined constant id - assumed 'id' D:\WWW\SOIL\SOIL\Runtime\Cache\Home\6692284aa9dbe4fcd25471833996c092.php 第 116 行.
NOTIC: [8] Undefined variable: id D:\WWW\SOIL\SOIL\Runtime\Cache\Home\6692284aa9dbe4fcd25471833996c092.php 第 118 行.
NOTIC: [8] Use of undefined constant vo2 - assumed 'vo2' D:\WWW\SOIL\SOIL\Runtime\Cache\Home\6692284aa9dbe4fcd25471833996c092.php 第 116 行.
NOTIC: [8] Use of undefined constant id - assumed 'id' D:\WWW\SOIL\SOIL\Runtime\Cache\Home\6692284aa9dbe4fcd25471833996c092.php 第 116 行.
NOTIC: [8] Undefined variable: id D:\WWW\SOIL\SOIL\Runtime\Cache\Home\6692284aa9dbe4fcd25471833996c092.php 第 118 行.
NOTIC: [8] Use of undefined constant vo2 - assumed 'vo2' D:\WWW\SOIL\SOIL\Runtime\Cache\Home\6692284aa9dbe4fcd25471833996c092.php 第 116 行.
NOTIC: [8] Use of undefined constant id - assumed 'id' D:\WWW\SOIL\SOIL\Runtime\Cache\Home\6692284aa9dbe4fcd25471833996c092.php 第 116 行.
NOTIC: [8] Undefined variable: id D:\WWW\SOIL\SOIL\Runtime\Cache\Home\6692284aa9dbe4fcd25471833996c092.php 第 118 行.
NOTIC: [8] Use of undefined constant vo2 - assumed 'vo2' D:\WWW\SOIL\SOIL\Runtime\Cache\Home\6692284aa9dbe4fcd25471833996c092.php 第 116 行.
NOTIC: [8] Use of undefined constant id - assumed 'id' D:\WWW\SOIL\SOIL\Runtime\Cache\Home\6692284aa9dbe4fcd25471833996c092.php 第 116 行.
NOTIC: [8] Undefined variable: id D:\WWW\SOIL\SOIL\Runtime\Cache\Home\6692284aa9dbe4fcd25471833996c092.php 第 118 行.
NOTIC: [8] Use of undefined constant vo2 - assumed 'vo2' D:\WWW\SOIL\SOIL\Runtime\Cache\Home\6692284aa9dbe4fcd25471833996c092.php 第 116 行.
NOTIC: [8] Use of undefined constant id - assumed 'id' D:\WWW\SOIL\SOIL\Runtime\Cache\Home\6692284aa9dbe4fcd25471833996c092.php 第 116 行.
NOTIC: [8] Undefined variable: id D:\WWW\SOIL\SOIL\Runtime\Cache\Home\6692284aa9dbe4fcd25471833996c092.php 第 118 行.
NOTIC: [8] Use of undefined constant vo2 - assumed 'vo2' D:\WWW\SOIL\SOIL\Runtime\Cache\Home\6692284aa9dbe4fcd25471833996c092.php 第 116 行.
NOTIC: [8] Use of undefined constant id - assumed 'id' D:\WWW\SOIL\SOIL\Runtime\Cache\Home\6692284aa9dbe4fcd25471833996c092.php 第 116 行.
NOTIC: [8] Undefined variable: id D:\WWW\SOIL\SOIL\Runtime\Cache\Home\6692284aa9dbe4fcd25471833996c092.php 第 118 行.
NOTIC: [8] Use of undefined constant vo2 - assumed 'vo2' D:\WWW\SOIL\SOIL\Runtime\Cache\Home\6692284aa9dbe4fcd25471833996c092.php 第 116 行.
NOTIC: [8] Use of undefined constant id - assumed 'id' D:\WWW\SOIL\SOIL\Runtime\Cache\Home\6692284aa9dbe4fcd25471833996c092.php 第 116 行.
NOTIC: [8] Undefined variable: id D:\WWW\SOIL\SOIL\Runtime\Cache\Home\6692284aa9dbe4fcd25471833996c092.php 第 118 行.
NOTIC: [8] Use of undefined constant vo2 - assumed 'vo2' D:\WWW\SOIL\SOIL\Runtime\Cache\Home\6692284aa9dbe4fcd25471833996c092.php 第 116 行.
NOTIC: [8] Use of undefined constant id - assumed 'id' D:\WWW\SOIL\SOIL\Runtime\Cache\Home\6692284aa9dbe4fcd25471833996c092.php 第 116 行.
NOTIC: [8] Undefined variable: id D:\WWW\SOIL\SOIL\Runtime\Cache\Home\6692284aa9dbe4fcd25471833996c092.php 第 118 行.
NOTIC: [8] Use of undefined constant vo2 - assumed 'vo2' D:\WWW\SOIL\SOIL\Runtime\Cache\Home\6692284aa9dbe4fcd25471833996c092.php 第 116 行.
NOTIC: [8] Use of undefined constant id - assumed 'id' D:\WWW\SOIL\SOIL\Runtime\Cache\Home\6692284aa9dbe4fcd25471833996c092.php 第 116 行.
NOTIC: [8] Undefined variable: id D:\WWW\SOIL\SOIL\Runtime\Cache\Home\6692284aa9dbe4fcd25471833996c092.php 第 118 行.
NOTIC: [8] Use of undefined constant vo2 - assumed 'vo2' D:\WWW\SOIL\SOIL\Runtime\Cache\Home\6692284aa9dbe4fcd25471833996c092.php 第 116 行.
NOTIC: [8] Use of undefined constant id - assumed 'id' D:\WWW\SOIL\SOIL\Runtime\Cache\Home\6692284aa9dbe4fcd25471833996c092.php 第 116 行.
NOTIC: [8] Undefined variable: id D:\WWW\SOIL\SOIL\Runtime\Cache\Home\6692284aa9dbe4fcd25471833996c092.php 第 118 行.
NOTIC: [8] Use of undefined constant vo2 - assumed 'vo2' D:\WWW\SOIL\SOIL\Runtime\Cache\Home\6692284aa9dbe4fcd25471833996c092.php 第 116 行.
NOTIC: [8] Use of undefined constant id - assumed 'id' D:\WWW\SOIL\SOIL\Runtime\Cache\Home\6692284aa9dbe4fcd25471833996c092.php 第 116 行.
NOTIC: [8] Undefined variable: id D:\WWW\SOIL\SOIL\Runtime\Cache\Home\6692284aa9dbe4fcd25471833996c092.php 第 118 行.
NOTIC: [8] Use of undefined constant vo2 - assumed 'vo2' D:\WWW\SOIL\SOIL\Runtime\Cache\Home\6692284aa9dbe4fcd25471833996c092.php 第 116 行.
NOTIC: [8] Use of undefined constant id - assumed 'id' D:\WWW\SOIL\SOIL\Runtime\Cache\Home\6692284aa9dbe4fcd25471833996c092.php 第 116 行.
NOTIC: [8] Undefined variable: id D:\WWW\SOIL\SOIL\Runtime\Cache\Home\6692284aa9dbe4fcd25471833996c092.php 第 118 行.
NOTIC: [8] Use of undefined constant vo2 - assumed 'vo2' D:\WWW\SOIL\SOIL\Runtime\Cache\Home\6692284aa9dbe4fcd25471833996c092.php 第 116 行.
NOTIC: [8] Use of undefined constant id - assumed 'id' D:\WWW\SOIL\SOIL\Runtime\Cache\Home\6692284aa9dbe4fcd25471833996c092.php 第 116 行.
NOTIC: [8] Undefined variable: id D:\WWW\SOIL\SOIL\Runtime\Cache\Home\6692284aa9dbe4fcd25471833996c092.php 第 118 行.
NOTIC: [8] Use of undefined constant vo2 - assumed 'vo2' D:\WWW\SOIL\SOIL\Runtime\Cache\Home\6692284aa9dbe4fcd25471833996c092.php 第 116 行.
NOTIC: [8] Use of undefined constant id - assumed 'id' D:\WWW\SOIL\SOIL\Runtime\Cache\Home\6692284aa9dbe4fcd25471833996c092.php 第 116 行.
NOTIC: [8] Undefined variable: id D:\WWW\SOIL\SOIL\Runtime\Cache\Home\6692284aa9dbe4fcd25471833996c092.php 第 118 行.
NOTIC: [8] Use of undefined constant vo2 - assumed 'vo2' D:\WWW\SOIL\SOIL\Runtime\Cache\Home\6692284aa9dbe4fcd25471833996c092.php 第 116 行.
NOTIC: [8] Use of undefined constant id - assumed 'id' D:\WWW\SOIL\SOIL\Runtime\Cache\Home\6692284aa9dbe4fcd25471833996c092.php 第 116 行.
NOTIC: [8] Undefined variable: id D:\WWW\SOIL\SOIL\Runtime\Cache\Home\6692284aa9dbe4fcd25471833996c092.php 第 118 行.
NOTIC: [8] Use of undefined constant vo2 - assumed 'vo2' D:\WWW\SOIL\SOIL\Runtime\Cache\Home\6692284aa9dbe4fcd25471833996c092.php 第 116 行.
NOTIC: [8] Use of undefined constant id - assumed 'id' D:\WWW\SOIL\SOIL\Runtime\Cache\Home\6692284aa9dbe4fcd25471833996c092.php 第 116 行.
NOTIC: [8] Undefined variable: id D:\WWW\SOIL\SOIL\Runtime\Cache\Home\6692284aa9dbe4fcd25471833996c092.php 第 118 行.
NOTIC: [8] Use of undefined constant vo2 - assumed 'vo2' D:\WWW\SOIL\SOIL\Runtime\Cache\Home\6692284aa9dbe4fcd25471833996c092.php 第 116 行.
NOTIC: [8] Use of undefined constant id - assumed 'id' D:\WWW\SOIL\SOIL\Runtime\Cache\Home\6692284aa9dbe4fcd25471833996c092.php 第 116 行.
NOTIC: [8] Undefined variable: id D:\WWW\SOIL\SOIL\Runtime\Cache\Home\6692284aa9dbe4fcd25471833996c092.php 第 118 行.
NOTIC: [8] Use of undefined constant vo2 - assumed 'vo2' D:\WWW\SOIL\SOIL\Runtime\Cache\Home\6692284aa9dbe4fcd25471833996c092.php 第 116 行.
NOTIC: [8] Use of undefined constant id - assumed 'id' D:\WWW\SOIL\SOIL\Runtime\Cache\Home\6692284aa9dbe4fcd25471833996c092.php 第 116 行.
NOTIC: [8] Undefined variable: id D:\WWW\SOIL\SOIL\Runtime\Cache\Home\6692284aa9dbe4fcd25471833996c092.php 第 118 行.
NOTIC: [8] Use of undefined constant vo2 - assumed 'vo2' D:\WWW\SOIL\SOIL\Runtime\Cache\Home\6692284aa9dbe4fcd25471833996c092.php 第 116 行.
NOTIC: [8] Use of undefined constant id - assumed 'id' D:\WWW\SOIL\SOIL\Runtime\Cache\Home\6692284aa9dbe4fcd25471833996c092.php 第 116 行.
NOTIC: [8] Undefined variable: id D:\WWW\SOIL\SOIL\Runtime\Cache\Home\6692284aa9dbe4fcd25471833996c092.php 第 118 行.
NOTIC: [8] Use of undefined constant vo2 - assumed 'vo2' D:\WWW\SOIL\SOIL\Runtime\Cache\Home\6692284aa9dbe4fcd25471833996c092.php 第 116 行.
NOTIC: [8] Use of undefined constant id - assumed 'id' D:\WWW\SOIL\SOIL\Runtime\Cache\Home\6692284aa9dbe4fcd25471833996c092.php 第 116 行.
NOTIC: [8] Undefined variable: id D:\WWW\SOIL\SOIL\Runtime\Cache\Home\6692284aa9dbe4fcd25471833996c092.php 第 118 行.
NOTIC: [8] Use of undefined constant vo2 - assumed 'vo2' D:\WWW\SOIL\SOIL\Runtime\Cache\Home\6692284aa9dbe4fcd25471833996c092.php 第 116 行.
NOTIC: [8] Use of undefined constant id - assumed 'id' D:\WWW\SOIL\SOIL\Runtime\Cache\Home\6692284aa9dbe4fcd25471833996c092.php 第 116 行.
NOTIC: [8] Undefined variable: id D:\WWW\SOIL\SOIL\Runtime\Cache\Home\6692284aa9dbe4fcd25471833996c092.php 第 118 行.
NOTIC: [8] Use of undefined constant vo2 - assumed 'vo2' D:\WWW\SOIL\SOIL\Runtime\Cache\Home\6692284aa9dbe4fcd25471833996c092.php 第 116 行.
NOTIC: [8] Use of undefined constant id - assumed 'id' D:\WWW\SOIL\SOIL\Runtime\Cache\Home\6692284aa9dbe4fcd25471833996c092.php 第 116 行.
NOTIC: [8] Undefined variable: id D:\WWW\SOIL\SOIL\Runtime\Cache\Home\6692284aa9dbe4fcd25471833996c092.php 第 118 行.
NOTIC: [8] Use of undefined constant vo2 - assumed 'vo2' D:\WWW\SOIL\SOIL\Runtime\Cache\Home\6692284aa9dbe4fcd25471833996c092.php 第 116 行.
NOTIC: [8] Use of undefined constant id - assumed 'id' D:\WWW\SOIL\SOIL\Runtime\Cache\Home\6692284aa9dbe4fcd25471833996c092.php 第 116 行.
NOTIC: [8] Undefined variable: id D:\WWW\SOIL\SOIL\Runtime\Cache\Home\6692284aa9dbe4fcd25471833996c092.php 第 118 行.
NOTIC: [8] Use of undefined constant vo2 - assumed 'vo2' D:\WWW\SOIL\SOIL\Runtime\Cache\Home\6692284aa9dbe4fcd25471833996c092.php 第 116 行.
NOTIC: [8] Use of undefined constant id - assumed 'id' D:\WWW\SOIL\SOIL\Runtime\Cache\Home\6692284aa9dbe4fcd25471833996c092.php 第 116 行.
NOTIC: [8] Undefined variable: id D:\WWW\SOIL\SOIL\Runtime\Cache\Home\6692284aa9dbe4fcd25471833996c092.php 第 118 行.
NOTIC: [8] Use of undefined constant vo2 - assumed 'vo2' D:\WWW\SOIL\SOIL\Runtime\Cache\Home\6692284aa9dbe4fcd25471833996c092.php 第 116 行.
NOTIC: [8] Use of undefined constant id - assumed 'id' D:\WWW\SOIL\SOIL\Runtime\Cache\Home\6692284aa9dbe4fcd25471833996c092.php 第 116 行.
NOTIC: [8] Undefined variable: id D:\WWW\SOIL\SOIL\Runtime\Cache\Home\6692284aa9dbe4fcd25471833996c092.php 第 118 行.
NOTIC: [8] Use of undefined constant vo2 - assumed 'vo2' D:\WWW\SOIL\SOIL\Runtime\Cache\Home\6692284aa9dbe4fcd25471833996c092.php 第 116 行.
NOTIC: [8] Use of undefined constant id - assumed 'id' D:\WWW\SOIL\SOIL\Runtime\Cache\Home\6692284aa9dbe4fcd25471833996c092.php 第 116 行.
NOTIC: [8] Undefined variable: id D:\WWW\SOIL\SOIL\Runtime\Cache\Home\6692284aa9dbe4fcd25471833996c092.php 第 118 行.
NOTIC: [8] Use of undefined constant vo2 - assumed 'vo2' D:\WWW\SOIL\SOIL\Runtime\Cache\Home\6692284aa9dbe4fcd25471833996c092.php 第 116 行.
NOTIC: [8] Use of undefined constant id - assumed 'id' D:\WWW\SOIL\SOIL\Runtime\Cache\Home\6692284aa9dbe4fcd25471833996c092.php 第 116 行.
NOTIC: [8] Undefined variable: id D:\WWW\SOIL\SOIL\Runtime\Cache\Home\6692284aa9dbe4fcd25471833996c092.php 第 118 行.
NOTIC: [8] Use of undefined constant vo2 - assumed 'vo2' D:\WWW\SOIL\SOIL\Runtime\Cache\Home\6692284aa9dbe4fcd25471833996c092.php 第 116 行.
NOTIC: [8] Use of undefined constant id - assumed 'id' D:\WWW\SOIL\SOIL\Runtime\Cache\Home\6692284aa9dbe4fcd25471833996c092.php 第 116 行.
NOTIC: [8] Undefined variable: id D:\WWW\SOIL\SOIL\Runtime\Cache\Home\6692284aa9dbe4fcd25471833996c092.php 第 118 行.
NOTIC: [8] Use of undefined constant vo2 - assumed 'vo2' D:\WWW\SOIL\SOIL\Runtime\Cache\Home\6692284aa9dbe4fcd25471833996c092.php 第 116 行.
NOTIC: [8] Use of undefined constant id - assumed 'id' D:\WWW\SOIL\SOIL\Runtime\Cache\Home\6692284aa9dbe4fcd25471833996c092.php 第 116 行.
NOTIC: [8] Undefined variable: id D:\WWW\SOIL\SOIL\Runtime\Cache\Home\6692284aa9dbe4fcd25471833996c092.php 第 118 行.
NOTIC: [8] Use of undefined constant vo2 - assumed 'vo2' D:\WWW\SOIL\SOIL\Runtime\Cache\Home\6692284aa9dbe4fcd25471833996c092.php 第 116 行.
NOTIC: [8] Use of undefined constant id - assumed 'id' D:\WWW\SOIL\SOIL\Runtime\Cache\Home\6692284aa9dbe4fcd25471833996c092.php 第 116 行.
NOTIC: [8] Undefined variable: id D:\WWW\SOIL\SOIL\Runtime\Cache\Home\6692284aa9dbe4fcd25471833996c092.php 第 118 行.
NOTIC: [8] Use of undefined constant vo2 - assumed 'vo2' D:\WWW\SOIL\SOIL\Runtime\Cache\Home\6692284aa9dbe4fcd25471833996c092.php 第 116 行.
NOTIC: [8] Use of undefined constant id - assumed 'id' D:\WWW\SOIL\SOIL\Runtime\Cache\Home\6692284aa9dbe4fcd25471833996c092.php 第 116 行.
NOTIC: [8] Undefined variable: id D:\WWW\SOIL\SOIL\Runtime\Cache\Home\6692284aa9dbe4fcd25471833996c092.php 第 118 行.
NOTIC: [8] Use of undefined constant vo2 - assumed 'vo2' D:\WWW\SOIL\SOIL\Runtime\Cache\Home\6692284aa9dbe4fcd25471833996c092.php 第 116 行.
NOTIC: [8] Use of undefined constant id - assumed 'id' D:\WWW\SOIL\SOIL\Runtime\Cache\Home\6692284aa9dbe4fcd25471833996c092.php 第 116 行.
NOTIC: [8] Undefined variable: id D:\WWW\SOIL\SOIL\Runtime\Cache\Home\6692284aa9dbe4fcd25471833996c092.php 第 118 行.
NOTIC: [8] Use of undefined constant vo2 - assumed 'vo2' D:\WWW\SOIL\SOIL\Runtime\Cache\Home\6692284aa9dbe4fcd25471833996c092.php 第 116 行.
NOTIC: [8] Use of undefined constant id - assumed 'id' D:\WWW\SOIL\SOIL\Runtime\Cache\Home\6692284aa9dbe4fcd25471833996c092.php 第 116 行.
NOTIC: [8] Undefined variable: id D:\WWW\SOIL\SOIL\Runtime\Cache\Home\6692284aa9dbe4fcd25471833996c092.php 第 118 行.
NOTIC: [8] Use of undefined constant vo2 - assumed 'vo2' D:\WWW\SOIL\SOIL\Runtime\Cache\Home\6692284aa9dbe4fcd25471833996c092.php 第 116 行.
NOTIC: [8] Use of undefined constant id - assumed 'id' D:\WWW\SOIL\SOIL\Runtime\Cache\Home\6692284aa9dbe4fcd25471833996c092.php 第 116 行.
NOTIC: [8] Undefined variable: id D:\WWW\SOIL\SOIL\Runtime\Cache\Home\6692284aa9dbe4fcd25471833996c092.php 第 118 行.
NOTIC: [8] Use of undefined constant vo2 - assumed 'vo2' D:\WWW\SOIL\SOIL\Runtime\Cache\Home\6692284aa9dbe4fcd25471833996c092.php 第 116 行.
NOTIC: [8] Use of undefined constant id - assumed 'id' D:\WWW\SOIL\SOIL\Runtime\Cache\Home\6692284aa9dbe4fcd25471833996c092.php 第 116 行.
NOTIC: [8] Undefined variable: id D:\WWW\SOIL\SOIL\Runtime\Cache\Home\6692284aa9dbe4fcd25471833996c092.php 第 118 行.
NOTIC: [8] Use of undefined constant vo2 - assumed 'vo2' D:\WWW\SOIL\SOIL\Runtime\Cache\Home\6692284aa9dbe4fcd25471833996c092.php 第 116 行.
NOTIC: [8] Use of undefined constant id - assumed 'id' D:\WWW\SOIL\SOIL\Runtime\Cache\Home\6692284aa9dbe4fcd25471833996c092.php 第 116 行.
NOTIC: [8] Undefined variable: id D:\WWW\SOIL\SOIL\Runtime\Cache\Home\6692284aa9dbe4fcd25471833996c092.php 第 118 行.
NOTIC: [8] Use of undefined constant vo2 - assumed 'vo2' D:\WWW\SOIL\SOIL\Runtime\Cache\Home\6692284aa9dbe4fcd25471833996c092.php 第 116 行.
NOTIC: [8] Use of undefined constant id - assumed 'id' D:\WWW\SOIL\SOIL\Runtime\Cache\Home\6692284aa9dbe4fcd25471833996c092.php 第 116 行.
NOTIC: [8] Undefined variable: id D:\WWW\SOIL\SOIL\Runtime\Cache\Home\6692284aa9dbe4fcd25471833996c092.php 第 118 行.
NOTIC: [8] Use of undefined constant vo2 - assumed 'vo2' D:\WWW\SOIL\SOIL\Runtime\Cache\Home\6692284aa9dbe4fcd25471833996c092.php 第 116 行.
NOTIC: [8] Use of undefined constant id - assumed 'id' D:\WWW\SOIL\SOIL\Runtime\Cache\Home\6692284aa9dbe4fcd25471833996c092.php 第 116 行.
NOTIC: [8] Undefined variable: id D:\WWW\SOIL\SOIL\Runtime\Cache\Home\6692284aa9dbe4fcd25471833996c092.php 第 118 行.
NOTIC: [8] Use of undefined constant vo2 - assumed 'vo2' D:\WWW\SOIL\SOIL\Runtime\Cache\Home\6692284aa9dbe4fcd25471833996c092.php 第 116 行.
NOTIC: [8] Use of undefined constant id - assumed 'id' D:\WWW\SOIL\SOIL\Runtime\Cache\Home\6692284aa9dbe4fcd25471833996c092.php 第 116 行.
NOTIC: [8] Undefined variable: id D:\WWW\SOIL\SOIL\Runtime\Cache\Home\6692284aa9dbe4fcd25471833996c092.php 第 118 行.
NOTIC: [8] Use of undefined constant vo2 - assumed 'vo2' D:\WWW\SOIL\SOIL\Runtime\Cache\Home\6692284aa9dbe4fcd25471833996c092.php 第 116 行.
NOTIC: [8] Use of undefined constant id - assumed 'id' D:\WWW\SOIL\SOIL\Runtime\Cache\Home\6692284aa9dbe4fcd25471833996c092.php 第 116 行.
NOTIC: [8] Undefined variable: id D:\WWW\SOIL\SOIL\Runtime\Cache\Home\6692284aa9dbe4fcd25471833996c092.php 第 118 行.
NOTIC: [8] Use of undefined constant vo2 - assumed 'vo2' D:\WWW\SOIL\SOIL\Runtime\Cache\Home\6692284aa9dbe4fcd25471833996c092.php 第 116 行.
NOTIC: [8] Use of undefined constant id - assumed 'id' D:\WWW\SOIL\SOIL\Runtime\Cache\Home\6692284aa9dbe4fcd25471833996c092.php 第 116 行.
NOTIC: [8] Undefined variable: id D:\WWW\SOIL\SOIL\Runtime\Cache\Home\6692284aa9dbe4fcd25471833996c092.php 第 118 行.
NOTIC: [8] Use of undefined constant vo2 - assumed 'vo2' D:\WWW\SOIL\SOIL\Runtime\Cache\Home\6692284aa9dbe4fcd25471833996c092.php 第 116 行.
NOTIC: [8] Use of undefined constant id - assumed 'id' D:\WWW\SOIL\SOIL\Runtime\Cache\Home\6692284aa9dbe4fcd25471833996c092.php 第 116 行.
NOTIC: [8] Undefined variable: id D:\WWW\SOIL\SOIL\Runtime\Cache\Home\6692284aa9dbe4fcd25471833996c092.php 第 118 行.
NOTIC: [8] Use of undefined constant vo2 - assumed 'vo2' D:\WWW\SOIL\SOIL\Runtime\Cache\Home\6692284aa9dbe4fcd25471833996c092.php 第 116 行.
NOTIC: [8] Use of undefined constant id - assumed 'id' D:\WWW\SOIL\SOIL\Runtime\Cache\Home\6692284aa9dbe4fcd25471833996c092.php 第 116 行.
NOTIC: [8] Undefined variable: id D:\WWW\SOIL\SOIL\Runtime\Cache\Home\6692284aa9dbe4fcd25471833996c092.php 第 118 行.
NOTIC: [8] Use of undefined constant vo2 - assumed 'vo2' D:\WWW\SOIL\SOIL\Runtime\Cache\Home\6692284aa9dbe4fcd25471833996c092.php 第 116 行.
NOTIC: [8] Use of undefined constant id - assumed 'id' D:\WWW\SOIL\SOIL\Runtime\Cache\Home\6692284aa9dbe4fcd25471833996c092.php 第 116 行.
NOTIC: [8] Undefined variable: id D:\WWW\SOIL\SOIL\Runtime\Cache\Home\6692284aa9dbe4fcd25471833996c092.php 第 118 行.
NOTIC: [8] Use of undefined constant vo2 - assumed 'vo2' D:\WWW\SOIL\SOIL\Runtime\Cache\Home\6692284aa9dbe4fcd25471833996c092.php 第 116 行.
NOTIC: [8] Use of undefined constant id - assumed 'id' D:\WWW\SOIL\SOIL\Runtime\Cache\Home\6692284aa9dbe4fcd25471833996c092.php 第 116 行.
NOTIC: [8] Undefined variable: id D:\WWW\SOIL\SOIL\Runtime\Cache\Home\6692284aa9dbe4fcd25471833996c092.php 第 118 行.
NOTIC: [8] Use of undefined constant vo2 - assumed 'vo2' D:\WWW\SOIL\SOIL\Runtime\Cache\Home\6692284aa9dbe4fcd25471833996c092.php 第 116 行.
NOTIC: [8] Use of undefined constant id - assumed 'id' D:\WWW\SOIL\SOIL\Runtime\Cache\Home\6692284aa9dbe4fcd25471833996c092.php 第 116 行.
NOTIC: [8] Undefined variable: id D:\WWW\SOIL\SOIL\Runtime\Cache\Home\6692284aa9dbe4fcd25471833996c092.php 第 118 行.
NOTIC: [8] Use of undefined constant vo2 - assumed 'vo2' D:\WWW\SOIL\SOIL\Runtime\Cache\Home\6692284aa9dbe4fcd25471833996c092.php 第 116 行.
NOTIC: [8] Use of undefined constant id - assumed 'id' D:\WWW\SOIL\SOIL\Runtime\Cache\Home\6692284aa9dbe4fcd25471833996c092.php 第 116 行.
NOTIC: [8] Undefined variable: id D:\WWW\SOIL\SOIL\Runtime\Cache\Home\6692284aa9dbe4fcd25471833996c092.php 第 118 行.
NOTIC: [8] Use of undefined constant vo2 - assumed 'vo2' D:\WWW\SOIL\SOIL\Runtime\Cache\Home\6692284aa9dbe4fcd25471833996c092.php 第 116 行.
NOTIC: [8] Use of undefined constant id - assumed 'id' D:\WWW\SOIL\SOIL\Runtime\Cache\Home\6692284aa9dbe4fcd25471833996c092.php 第 116 行.
NOTIC: [8] Undefined variable: id D:\WWW\SOIL\SOIL\Runtime\Cache\Home\6692284aa9dbe4fcd25471833996c092.php 第 118 行.
NOTIC: [8] Use of undefined constant vo2 - assumed 'vo2' D:\WWW\SOIL\SOIL\Runtime\Cache\Home\6692284aa9dbe4fcd25471833996c092.php 第 116 行.
NOTIC: [8] Use of undefined constant id - assumed 'id' D:\WWW\SOIL\SOIL\Runtime\Cache\Home\6692284aa9dbe4fcd25471833996c092.php 第 116 行.
NOTIC: [8] Undefined variable: id D:\WWW\SOIL\SOIL\Runtime\Cache\Home\6692284aa9dbe4fcd25471833996c092.php 第 118 行.
NOTIC: [8] Use of undefined constant vo2 - assumed 'vo2' D:\WWW\SOIL\SOIL\Runtime\Cache\Home\6692284aa9dbe4fcd25471833996c092.php 第 116 行.
NOTIC: [8] Use of undefined constant id - assumed 'id' D:\WWW\SOIL\SOIL\Runtime\Cache\Home\6692284aa9dbe4fcd25471833996c092.php 第 116 行.
NOTIC: [8] Undefined variable: id D:\WWW\SOIL\SOIL\Runtime\Cache\Home\6692284aa9dbe4fcd25471833996c092.php 第 118 行.
NOTIC: [8] Use of undefined constant vo2 - assumed 'vo2' D:\WWW\SOIL\SOIL\Runtime\Cache\Home\6692284aa9dbe4fcd25471833996c092.php 第 116 行.
NOTIC: [8] Use of undefined constant id - assumed 'id' D:\WWW\SOIL\SOIL\Runtime\Cache\Home\6692284aa9dbe4fcd25471833996c092.php 第 116 行.
NOTIC: [8] Undefined variable: id D:\WWW\SOIL\SOIL\Runtime\Cache\Home\6692284aa9dbe4fcd25471833996c092.php 第 118 行.
NOTIC: [8] Use of undefined constant vo2 - assumed 'vo2' D:\WWW\SOIL\SOIL\Runtime\Cache\Home\6692284aa9dbe4fcd25471833996c092.php 第 116 行.
NOTIC: [8] Use of undefined constant id - assumed 'id' D:\WWW\SOIL\SOIL\Runtime\Cache\Home\6692284aa9dbe4fcd25471833996c092.php 第 116 行.
NOTIC: [8] Undefined variable: id D:\WWW\SOIL\SOIL\Runtime\Cache\Home\6692284aa9dbe4fcd25471833996c092.php 第 118 行.
NOTIC: [8] Use of undefined constant vo2 - assumed 'vo2' D:\WWW\SOIL\SOIL\Runtime\Cache\Home\6692284aa9dbe4fcd25471833996c092.php 第 116 行.
NOTIC: [8] Use of undefined constant id - assumed 'id' D:\WWW\SOIL\SOIL\Runtime\Cache\Home\6692284aa9dbe4fcd25471833996c092.php 第 116 行.
NOTIC: [8] Undefined variable: id D:\WWW\SOIL\SOIL\Runtime\Cache\Home\6692284aa9dbe4fcd25471833996c092.php 第 118 行.
NOTIC: [8] Use of undefined constant vo2 - assumed 'vo2' D:\WWW\SOIL\SOIL\Runtime\Cache\Home\6692284aa9dbe4fcd25471833996c092.php 第 116 行.
NOTIC: [8] Use of undefined constant id - assumed 'id' D:\WWW\SOIL\SOIL\Runtime\Cache\Home\6692284aa9dbe4fcd25471833996c092.php 第 116 行.
NOTIC: [8] Undefined variable: id D:\WWW\SOIL\SOIL\Runtime\Cache\Home\6692284aa9dbe4fcd25471833996c092.php 第 118 行.
NOTIC: [8] Use of undefined constant vo2 - assumed 'vo2' D:\WWW\SOIL\SOIL\Runtime\Cache\Home\6692284aa9dbe4fcd25471833996c092.php 第 116 行.
NOTIC: [8] Use of undefined constant id - assumed 'id' D:\WWW\SOIL\SOIL\Runtime\Cache\Home\6692284aa9dbe4fcd25471833996c092.php 第 116 行.
NOTIC: [8] Undefined variable: id D:\WWW\SOIL\SOIL\Runtime\Cache\Home\6692284aa9dbe4fcd25471833996c092.php 第 118 行.
NOTIC: [8] Use of undefined constant vo2 - assumed 'vo2' D:\WWW\SOIL\SOIL\Runtime\Cache\Home\6692284aa9dbe4fcd25471833996c092.php 第 116 行.
NOTIC: [8] Use of undefined constant id - assumed 'id' D:\WWW\SOIL\SOIL\Runtime\Cache\Home\6692284aa9dbe4fcd25471833996c092.php 第 116 行.
NOTIC: [8] Undefined variable: id D:\WWW\SOIL\SOIL\Runtime\Cache\Home\6692284aa9dbe4fcd25471833996c092.php 第 118 行.
NOTIC: [8] Use of undefined constant vo2 - assumed 'vo2' D:\WWW\SOIL\SOIL\Runtime\Cache\Home\6692284aa9dbe4fcd25471833996c092.php 第 116 行.
NOTIC: [8] Use of undefined constant id - assumed 'id' D:\WWW\SOIL\SOIL\Runtime\Cache\Home\6692284aa9dbe4fcd25471833996c092.php 第 116 行.
NOTIC: [8] Undefined variable: id D:\WWW\SOIL\SOIL\Runtime\Cache\Home\6692284aa9dbe4fcd25471833996c092.php 第 118 行.
NOTIC: [8] Use of undefined constant vo2 - assumed 'vo2' D:\WWW\SOIL\SOIL\Runtime\Cache\Home\6692284aa9dbe4fcd25471833996c092.php 第 116 行.
NOTIC: [8] Use of undefined constant id - assumed 'id' D:\WWW\SOIL\SOIL\Runtime\Cache\Home\6692284aa9dbe4fcd25471833996c092.php 第 116 行.
NOTIC: [8] Undefined variable: id D:\WWW\SOIL\SOIL\Runtime\Cache\Home\6692284aa9dbe4fcd25471833996c092.php 第 118 行.
NOTIC: [8] Use of undefined constant vo2 - assumed 'vo2' D:\WWW\SOIL\SOIL\Runtime\Cache\Home\6692284aa9dbe4fcd25471833996c092.php 第 116 行.
NOTIC: [8] Use of undefined constant id - assumed 'id' D:\WWW\SOIL\SOIL\Runtime\Cache\Home\6692284aa9dbe4fcd25471833996c092.php 第 116 行.
NOTIC: [8] Undefined variable: id D:\WWW\SOIL\SOIL\Runtime\Cache\Home\6692284aa9dbe4fcd25471833996c092.php 第 118 行.
NOTIC: [8] Use of undefined constant vo2 - assumed 'vo2' D:\WWW\SOIL\SOIL\Runtime\Cache\Home\6692284aa9dbe4fcd25471833996c092.php 第 116 行.
NOTIC: [8] Use of undefined constant id - assumed 'id' D:\WWW\SOIL\SOIL\Runtime\Cache\Home\6692284aa9dbe4fcd25471833996c092.php 第 116 行.
NOTIC: [8] Undefined variable: id D:\WWW\SOIL\SOIL\Runtime\Cache\Home\6692284aa9dbe4fcd25471833996c092.php 第 118 行.
NOTIC: [8] Use of undefined constant vo2 - assumed 'vo2' D:\WWW\SOIL\SOIL\Runtime\Cache\Home\6692284aa9dbe4fcd25471833996c092.php 第 116 行.
NOTIC: [8] Use of undefined constant id - assumed 'id' D:\WWW\SOIL\SOIL\Runtime\Cache\Home\6692284aa9dbe4fcd25471833996c092.php 第 116 行.
NOTIC: [8] Undefined variable: id D:\WWW\SOIL\SOIL\Runtime\Cache\Home\6692284aa9dbe4fcd25471833996c092.php 第 118 行.
NOTIC: [8] Use of undefined constant vo2 - assumed 'vo2' D:\WWW\SOIL\SOIL\Runtime\Cache\Home\6692284aa9dbe4fcd25471833996c092.php 第 116 行.
NOTIC: [8] Use of undefined constant id - assumed 'id' D:\WWW\SOIL\SOIL\Runtime\Cache\Home\6692284aa9dbe4fcd25471833996c092.php 第 116 行.
NOTIC: [8] Undefined variable: id D:\WWW\SOIL\SOIL\Runtime\Cache\Home\6692284aa9dbe4fcd25471833996c092.php 第 118 行.
NOTIC: [8] Use of undefined constant vo2 - assumed 'vo2' D:\WWW\SOIL\SOIL\Runtime\Cache\Home\6692284aa9dbe4fcd25471833996c092.php 第 116 行.
NOTIC: [8] Use of undefined constant id - assumed 'id' D:\WWW\SOIL\SOIL\Runtime\Cache\Home\6692284aa9dbe4fcd25471833996c092.php 第 116 行.
NOTIC: [8] Undefined variable: id D:\WWW\SOIL\SOIL\Runtime\Cache\Home\6692284aa9dbe4fcd25471833996c092.php 第 118 行.
NOTIC: [8] Use of undefined constant vo2 - assumed 'vo2' D:\WWW\SOIL\SOIL\Runtime\Cache\Home\6692284aa9dbe4fcd25471833996c092.php 第 116 行.
NOTIC: [8] Use of undefined constant id - assumed 'id' D:\WWW\SOIL\SOIL\Runtime\Cache\Home\6692284aa9dbe4fcd25471833996c092.php 第 116 行.
NOTIC: [8] Undefined variable: id D:\WWW\SOIL\SOIL\Runtime\Cache\Home\6692284aa9dbe4fcd25471833996c092.php 第 118 行.
NOTIC: [8] Use of undefined constant vo2 - assumed 'vo2' D:\WWW\SOIL\SOIL\Runtime\Cache\Home\6692284aa9dbe4fcd25471833996c092.php 第 116 行.
NOTIC: [8] Use of undefined constant id - assumed 'id' D:\WWW\SOIL\SOIL\Runtime\Cache\Home\6692284aa9dbe4fcd25471833996c092.php 第 116 行.
NOTIC: [8] Undefined variable: id D:\WWW\SOIL\SOIL\Runtime\Cache\Home\6692284aa9dbe4fcd25471833996c092.php 第 118 行.
NOTIC: [8] Use of undefined constant vo2 - assumed 'vo2' D:\WWW\SOIL\SOIL\Runtime\Cache\Home\6692284aa9dbe4fcd25471833996c092.php 第 116 行.
NOTIC: [8] Use of undefined constant id - assumed 'id' D:\WWW\SOIL\SOIL\Runtime\Cache\Home\6692284aa9dbe4fcd25471833996c092.php 第 116 行.
NOTIC: [8] Undefined variable: id D:\WWW\SOIL\SOIL\Runtime\Cache\Home\6692284aa9dbe4fcd25471833996c092.php 第 118 行.
NOTIC: [8] Use of undefined constant vo2 - assumed 'vo2' D:\WWW\SOIL\SOIL\Runtime\Cache\Home\6692284aa9dbe4fcd25471833996c092.php 第 116 行.
NOTIC: [8] Use of undefined constant id - assumed 'id' D:\WWW\SOIL\SOIL\Runtime\Cache\Home\6692284aa9dbe4fcd25471833996c092.php 第 116 行.
NOTIC: [8] Undefined variable: id D:\WWW\SOIL\SOIL\Runtime\Cache\Home\6692284aa9dbe4fcd25471833996c092.php 第 118 行.
NOTIC: [8] Use of undefined constant vo2 - assumed 'vo2' D:\WWW\SOIL\SOIL\Runtime\Cache\Home\6692284aa9dbe4fcd25471833996c092.php 第 116 行.
NOTIC: [8] Use of undefined constant id - assumed 'id' D:\WWW\SOIL\SOIL\Runtime\Cache\Home\6692284aa9dbe4fcd25471833996c092.php 第 116 行.
NOTIC: [8] Undefined variable: id D:\WWW\SOIL\SOIL\Runtime\Cache\Home\6692284aa9dbe4fcd25471833996c092.php 第 118 行.
NOTIC: [8] Use of undefined constant vo2 - assumed 'vo2' D:\WWW\SOIL\SOIL\Runtime\Cache\Home\6692284aa9dbe4fcd25471833996c092.php 第 116 行.
NOTIC: [8] Use of undefined constant id - assumed 'id' D:\WWW\SOIL\SOIL\Runtime\Cache\Home\6692284aa9dbe4fcd25471833996c092.php 第 116 行.
NOTIC: [8] Undefined variable: id D:\WWW\SOIL\SOIL\Runtime\Cache\Home\6692284aa9dbe4fcd25471833996c092.php 第 118 行.
NOTIC: [8] Use of undefined constant vo2 - assumed 'vo2' D:\WWW\SOIL\SOIL\Runtime\Cache\Home\6692284aa9dbe4fcd25471833996c092.php 第 116 行.
NOTIC: [8] Use of undefined constant id - assumed 'id' D:\WWW\SOIL\SOIL\Runtime\Cache\Home\6692284aa9dbe4fcd25471833996c092.php 第 116 行.
NOTIC: [8] Undefined variable: id D:\WWW\SOIL\SOIL\Runtime\Cache\Home\6692284aa9dbe4fcd25471833996c092.php 第 118 行.
NOTIC: [8] Use of undefined constant vo2 - assumed 'vo2' D:\WWW\SOIL\SOIL\Runtime\Cache\Home\6692284aa9dbe4fcd25471833996c092.php 第 116 行.
NOTIC: [8] Use of undefined constant id - assumed 'id' D:\WWW\SOIL\SOIL\Runtime\Cache\Home\6692284aa9dbe4fcd25471833996c092.php 第 116 行.
NOTIC: [8] Undefined variable: id D:\WWW\SOIL\SOIL\Runtime\Cache\Home\6692284aa9dbe4fcd25471833996c092.php 第 118 行.
NOTIC: [8] Use of undefined constant vo2 - assumed 'vo2' D:\WWW\SOIL\SOIL\Runtime\Cache\Home\6692284aa9dbe4fcd25471833996c092.php 第 116 行.
NOTIC: [8] Use of undefined constant id - assumed 'id' D:\WWW\SOIL\SOIL\Runtime\Cache\Home\6692284aa9dbe4fcd25471833996c092.php 第 116 行.
NOTIC: [8] Undefined variable: id D:\WWW\SOIL\SOIL\Runtime\Cache\Home\6692284aa9dbe4fcd25471833996c092.php 第 118 行.
NOTIC: [8] Use of undefined constant vo2 - assumed 'vo2' D:\WWW\SOIL\SOIL\Runtime\Cache\Home\6692284aa9dbe4fcd25471833996c092.php 第 116 行.
NOTIC: [8] Use of undefined constant id - assumed 'id' D:\WWW\SOIL\SOIL\Runtime\Cache\Home\6692284aa9dbe4fcd25471833996c092.php 第 116 行.
NOTIC: [8] Undefined variable: id D:\WWW\SOIL\SOIL\Runtime\Cache\Home\6692284aa9dbe4fcd25471833996c092.php 第 118 行.
NOTIC: [8] Use of undefined constant vo2 - assumed 'vo2' D:\WWW\SOIL\SOIL\Runtime\Cache\Home\6692284aa9dbe4fcd25471833996c092.php 第 116 行.
NOTIC: [8] Use of undefined constant id - assumed 'id' D:\WWW\SOIL\SOIL\Runtime\Cache\Home\6692284aa9dbe4fcd25471833996c092.php 第 116 行.
NOTIC: [8] Undefined variable: id D:\WWW\SOIL\SOIL\Runtime\Cache\Home\6692284aa9dbe4fcd25471833996c092.php 第 118 行.
NOTIC: [8] Use of undefined constant vo2 - assumed 'vo2' D:\WWW\SOIL\SOIL\Runtime\Cache\Home\6692284aa9dbe4fcd25471833996c092.php 第 116 行.
NOTIC: [8] Use of undefined constant id - assumed 'id' D:\WWW\SOIL\SOIL\Runtime\Cache\Home\6692284aa9dbe4fcd25471833996c092.php 第 116 行.
NOTIC: [8] Undefined variable: id D:\WWW\SOIL\SOIL\Runtime\Cache\Home\6692284aa9dbe4fcd25471833996c092.php 第 118 行.
NOTIC: [8] Use of undefined constant vo2 - assumed 'vo2' D:\WWW\SOIL\SOIL\Runtime\Cache\Home\6692284aa9dbe4fcd25471833996c092.php 第 116 行.
NOTIC: [8] Use of undefined constant id - assumed 'id' D:\WWW\SOIL\SOIL\Runtime\Cache\Home\6692284aa9dbe4fcd25471833996c092.php 第 116 行.
NOTIC: [8] Undefined variable: id D:\WWW\SOIL\SOIL\Runtime\Cache\Home\6692284aa9dbe4fcd25471833996c092.php 第 118 行.
NOTIC: [8] Use of undefined constant vo2 - assumed 'vo2' D:\WWW\SOIL\SOIL\Runtime\Cache\Home\6692284aa9dbe4fcd25471833996c092.php 第 116 行.
NOTIC: [8] Use of undefined constant id - assumed 'id' D:\WWW\SOIL\SOIL\Runtime\Cache\Home\6692284aa9dbe4fcd25471833996c092.php 第 116 行.
NOTIC: [8] Undefined variable: id D:\WWW\SOIL\SOIL\Runtime\Cache\Home\6692284aa9dbe4fcd25471833996c092.php 第 118 行.
NOTIC: [8] Use of undefined constant vo2 - assumed 'vo2' D:\WWW\SOIL\SOIL\Runtime\Cache\Home\6692284aa9dbe4fcd25471833996c092.php 第 116 行.
NOTIC: [8] Use of undefined constant id - assumed 'id' D:\WWW\SOIL\SOIL\Runtime\Cache\Home\6692284aa9dbe4fcd25471833996c092.php 第 116 行.
NOTIC: [8] Undefined variable: id D:\WWW\SOIL\SOIL\Runtime\Cache\Home\6692284aa9dbe4fcd25471833996c092.php 第 118 行.
NOTIC: [8] Use of undefined constant vo2 - assumed 'vo2' D:\WWW\SOIL\SOIL\Runtime\Cache\Home\6692284aa9dbe4fcd25471833996c092.php 第 116 行.
NOTIC: [8] Use of undefined constant id - assumed 'id' D:\WWW\SOIL\SOIL\Runtime\Cache\Home\6692284aa9dbe4fcd25471833996c092.php 第 116 行.
NOTIC: [8] Undefined variable: id D:\WWW\SOIL\SOIL\Runtime\Cache\Home\6692284aa9dbe4fcd25471833996c092.php 第 118 行.
NOTIC: [8] Use of undefined constant vo2 - assumed 'vo2' D:\WWW\SOIL\SOIL\Runtime\Cache\Home\6692284aa9dbe4fcd25471833996c092.php 第 116 行.
NOTIC: [8] Use of undefined constant id - assumed 'id' D:\WWW\SOIL\SOIL\Runtime\Cache\Home\6692284aa9dbe4fcd25471833996c092.php 第 116 行.
NOTIC: [8] Undefined variable: id D:\WWW\SOIL\SOIL\Runtime\Cache\Home\6692284aa9dbe4fcd25471833996c092.php 第 118 行.
NOTIC: [8] Use of undefined constant vo2 - assumed 'vo2' D:\WWW\SOIL\SOIL\Runtime\Cache\Home\6692284aa9dbe4fcd25471833996c092.php 第 116 行.
NOTIC: [8] Use of undefined constant id - assumed 'id' D:\WWW\SOIL\SOIL\Runtime\Cache\Home\6692284aa9dbe4fcd25471833996c092.php 第 116 行.
NOTIC: [8] Undefined variable: id D:\WWW\SOIL\SOIL\Runtime\Cache\Home\6692284aa9dbe4fcd25471833996c092.php 第 118 行.
NOTIC: [8] Use of undefined constant vo2 - assumed 'vo2' D:\WWW\SOIL\SOIL\Runtime\Cache\Home\6692284aa9dbe4fcd25471833996c092.php 第 116 行.
NOTIC: [8] Use of undefined constant id - assumed 'id' D:\WWW\SOIL\SOIL\Runtime\Cache\Home\6692284aa9dbe4fcd25471833996c092.php 第 116 行.
NOTIC: [8] Undefined variable: id D:\WWW\SOIL\SOIL\Runtime\Cache\Home\6692284aa9dbe4fcd25471833996c092.php 第 118 行.
NOTIC: [8] Use of undefined constant vo2 - assumed 'vo2' D:\WWW\SOIL\SOIL\Runtime\Cache\Home\6692284aa9dbe4fcd25471833996c092.php 第 116 行.
NOTIC: [8] Use of undefined constant id - assumed 'id' D:\WWW\SOIL\SOIL\Runtime\Cache\Home\6692284aa9dbe4fcd25471833996c092.php 第 116 行.
NOTIC: [8] Undefined variable: id D:\WWW\SOIL\SOIL\Runtime\Cache\Home\6692284aa9dbe4fcd25471833996c092.php 第 118 行.
NOTIC: [8] Use of undefined constant vo2 - assumed 'vo2' D:\WWW\SOIL\SOIL\Runtime\Cache\Home\6692284aa9dbe4fcd25471833996c092.php 第 116 行.
NOTIC: [8] Use of undefined constant id - assumed 'id' D:\WWW\SOIL\SOIL\Runtime\Cache\Home\6692284aa9dbe4fcd25471833996c092.php 第 116 行.
NOTIC: [8] Undefined variable: id D:\WWW\SOIL\SOIL\Runtime\Cache\Home\6692284aa9dbe4fcd25471833996c092.php 第 118 行.
NOTIC: [8] Use of undefined constant vo2 - assumed 'vo2' D:\WWW\SOIL\SOIL\Runtime\Cache\Home\6692284aa9dbe4fcd25471833996c092.php 第 116 行.
NOTIC: [8] Use of undefined constant id - assumed 'id' D:\WWW\SOIL\SOIL\Runtime\Cache\Home\6692284aa9dbe4fcd25471833996c092.php 第 116 行.
NOTIC: [8] Undefined variable: id D:\WWW\SOIL\SOIL\Runtime\Cache\Home\6692284aa9dbe4fcd25471833996c092.php 第 118 行.
NOTIC: [8] Use of undefined constant vo2 - assumed 'vo2' D:\WWW\SOIL\SOIL\Runtime\Cache\Home\6692284aa9dbe4fcd25471833996c092.php 第 116 行.
NOTIC: [8] Use of undefined constant id - assumed 'id' D:\WWW\SOIL\SOIL\Runtime\Cache\Home\6692284aa9dbe4fcd25471833996c092.php 第 116 行.
NOTIC: [8] Undefined variable: id D:\WWW\SOIL\SOIL\Runtime\Cache\Home\6692284aa9dbe4fcd25471833996c092.php 第 118 行.
NOTIC: [8] Use of undefined constant vo2 - assumed 'vo2' D:\WWW\SOIL\SOIL\Runtime\Cache\Home\6692284aa9dbe4fcd25471833996c092.php 第 116 行.
NOTIC: [8] Use of undefined constant id - assumed 'id' D:\WWW\SOIL\SOIL\Runtime\Cache\Home\6692284aa9dbe4fcd25471833996c092.php 第 116 行.
NOTIC: [8] Undefined variable: id D:\WWW\SOIL\SOIL\Runtime\Cache\Home\6692284aa9dbe4fcd25471833996c092.php 第 118 行.
NOTIC: [8] Use of undefined constant vo2 - assumed 'vo2' D:\WWW\SOIL\SOIL\Runtime\Cache\Home\6692284aa9dbe4fcd25471833996c092.php 第 116 行.
NOTIC: [8] Use of undefined constant id - assumed 'id' D:\WWW\SOIL\SOIL\Runtime\Cache\Home\6692284aa9dbe4fcd25471833996c092.php 第 116 行.
NOTIC: [8] Undefined variable: id D:\WWW\SOIL\SOIL\Runtime\Cache\Home\6692284aa9dbe4fcd25471833996c092.php 第 118 行.
NOTIC: [8] Use of undefined constant vo2 - assumed 'vo2' D:\WWW\SOIL\SOIL\Runtime\Cache\Home\6692284aa9dbe4fcd25471833996c092.php 第 116 行.
NOTIC: [8] Use of undefined constant id - assumed 'id' D:\WWW\SOIL\SOIL\Runtime\Cache\Home\6692284aa9dbe4fcd25471833996c092.php 第 116 行.
NOTIC: [8] Undefined variable: id D:\WWW\SOIL\SOIL\Runtime\Cache\Home\6692284aa9dbe4fcd25471833996c092.php 第 118 行.
NOTIC: [8] Use of undefined constant vo2 - assumed 'vo2' D:\WWW\SOIL\SOIL\Runtime\Cache\Home\6692284aa9dbe4fcd25471833996c092.php 第 116 行.
NOTIC: [8] Use of undefined constant id - assumed 'id' D:\WWW\SOIL\SOIL\Runtime\Cache\Home\6692284aa9dbe4fcd25471833996c092.php 第 116 行.
NOTIC: [8] Undefined variable: id D:\WWW\SOIL\SOIL\Runtime\Cache\Home\6692284aa9dbe4fcd25471833996c092.php 第 118 行.
NOTIC: [8] Use of undefined constant vo2 - assumed 'vo2' D:\WWW\SOIL\SOIL\Runtime\Cache\Home\6692284aa9dbe4fcd25471833996c092.php 第 116 行.
NOTIC: [8] Use of undefined constant id - assumed 'id' D:\WWW\SOIL\SOIL\Runtime\Cache\Home\6692284aa9dbe4fcd25471833996c092.php 第 116 行.
NOTIC: [8] Undefined variable: id D:\WWW\SOIL\SOIL\Runtime\Cache\Home\6692284aa9dbe4fcd25471833996c092.php 第 118 行.
NOTIC: [8] Use of undefined constant vo2 - assumed 'vo2' D:\WWW\SOIL\SOIL\Runtime\Cache\Home\6692284aa9dbe4fcd25471833996c092.php 第 116 行.
NOTIC: [8] Use of undefined constant id - assumed 'id' D:\WWW\SOIL\SOIL\Runtime\Cache\Home\6692284aa9dbe4fcd25471833996c092.php 第 116 行.
NOTIC: [8] Undefined variable: id D:\WWW\SOIL\SOIL\Runtime\Cache\Home\6692284aa9dbe4fcd25471833996c092.php 第 118 行.
NOTIC: [8] Use of undefined constant vo2 - assumed 'vo2' D:\WWW\SOIL\SOIL\Runtime\Cache\Home\6692284aa9dbe4fcd25471833996c092.php 第 116 行.
NOTIC: [8] Use of undefined constant id - assumed 'id' D:\WWW\SOIL\SOIL\Runtime\Cache\Home\6692284aa9dbe4fcd25471833996c092.php 第 116 行.
NOTIC: [8] Undefined variable: id D:\WWW\SOIL\SOIL\Runtime\Cache\Home\6692284aa9dbe4fcd25471833996c092.php 第 118 行.
NOTIC: [8] Use of undefined constant vo2 - assumed 'vo2' D:\WWW\SOIL\SOIL\Runtime\Cache\Home\6692284aa9dbe4fcd25471833996c092.php 第 116 行.
NOTIC: [8] Use of undefined constant id - assumed 'id' D:\WWW\SOIL\SOIL\Runtime\Cache\Home\6692284aa9dbe4fcd25471833996c092.php 第 116 行.
NOTIC: [8] Undefined variable: id D:\WWW\SOIL\SOIL\Runtime\Cache\Home\6692284aa9dbe4fcd25471833996c092.php 第 118 行.
NOTIC: [8] Use of undefined constant vo2 - assumed 'vo2' D:\WWW\SOIL\SOIL\Runtime\Cache\Home\6692284aa9dbe4fcd25471833996c092.php 第 116 行.
NOTIC: [8] Use of undefined constant id - assumed 'id' D:\WWW\SOIL\SOIL\Runtime\Cache\Home\6692284aa9dbe4fcd25471833996c092.php 第 116 行.
NOTIC: [8] Undefined variable: id D:\WWW\SOIL\SOIL\Runtime\Cache\Home\6692284aa9dbe4fcd25471833996c092.php 第 118 行.
NOTIC: [8] Use of undefined constant vo2 - assumed 'vo2' D:\WWW\SOIL\SOIL\Runtime\Cache\Home\6692284aa9dbe4fcd25471833996c092.php 第 116 行.
NOTIC: [8] Use of undefined constant id - assumed 'id' D:\WWW\SOIL\SOIL\Runtime\Cache\Home\6692284aa9dbe4fcd25471833996c092.php 第 116 行.
NOTIC: [8] Undefined variable: id D:\WWW\SOIL\SOIL\Runtime\Cache\Home\6692284aa9dbe4fcd25471833996c092.php 第 118 行.
NOTIC: [8] Use of undefined constant vo2 - assumed 'vo2' D:\WWW\SOIL\SOIL\Runtime\Cache\Home\6692284aa9dbe4fcd25471833996c092.php 第 116 行.
NOTIC: [8] Use of undefined constant id - assumed 'id' D:\WWW\SOIL\SOIL\Runtime\Cache\Home\6692284aa9dbe4fcd25471833996c092.php 第 116 行.
NOTIC: [8] Undefined variable: id D:\WWW\SOIL\SOIL\Runtime\Cache\Home\6692284aa9dbe4fcd25471833996c092.php 第 118 行.
NOTIC: [8] Use of undefined constant vo2 - assumed 'vo2' D:\WWW\SOIL\SOIL\Runtime\Cache\Home\6692284aa9dbe4fcd25471833996c092.php 第 116 行.
NOTIC: [8] Use of undefined constant id - assumed 'id' D:\WWW\SOIL\SOIL\Runtime\Cache\Home\6692284aa9dbe4fcd25471833996c092.php 第 116 行.
NOTIC: [8] Undefined variable: id D:\WWW\SOIL\SOIL\Runtime\Cache\Home\6692284aa9dbe4fcd25471833996c092.php 第 118 行.
NOTIC: [8] Use of undefined constant vo2 - assumed 'vo2' D:\WWW\SOIL\SOIL\Runtime\Cache\Home\6692284aa9dbe4fcd25471833996c092.php 第 116 行.
NOTIC: [8] Use of undefined constant id - assumed 'id' D:\WWW\SOIL\SOIL\Runtime\Cache\Home\6692284aa9dbe4fcd25471833996c092.php 第 116 行.
NOTIC: [8] Undefined variable: id D:\WWW\SOIL\SOIL\Runtime\Cache\Home\6692284aa9dbe4fcd25471833996c092.php 第 118 行.
NOTIC: [8] Use of undefined constant vo2 - assumed 'vo2' D:\WWW\SOIL\SOIL\Runtime\Cache\Home\6692284aa9dbe4fcd25471833996c092.php 第 116 行.
NOTIC: [8] Use of undefined constant id - assumed 'id' D:\WWW\SOIL\SOIL\Runtime\Cache\Home\6692284aa9dbe4fcd25471833996c092.php 第 116 行.
NOTIC: [8] Undefined variable: id D:\WWW\SOIL\SOIL\Runtime\Cache\Home\6692284aa9dbe4fcd25471833996c092.php 第 118 行.
NOTIC: [8] Use of undefined constant vo2 - assumed 'vo2' D:\WWW\SOIL\SOIL\Runtime\Cache\Home\6692284aa9dbe4fcd25471833996c092.php 第 116 行.
NOTIC: [8] Use of undefined constant id - assumed 'id' D:\WWW\SOIL\SOIL\Runtime\Cache\Home\6692284aa9dbe4fcd25471833996c092.php 第 116 行.
NOTIC: [8] Undefined variable: id D:\WWW\SOIL\SOIL\Runtime\Cache\Home\6692284aa9dbe4fcd25471833996c092.php 第 118 行.
NOTIC: [8] Use of undefined constant vo2 - assumed 'vo2' D:\WWW\SOIL\SOIL\Runtime\Cache\Home\6692284aa9dbe4fcd25471833996c092.php 第 116 行.
NOTIC: [8] Use of undefined constant id - assumed 'id' D:\WWW\SOIL\SOIL\Runtime\Cache\Home\6692284aa9dbe4fcd25471833996c092.php 第 116 行.
NOTIC: [8] Undefined variable: id D:\WWW\SOIL\SOIL\Runtime\Cache\Home\6692284aa9dbe4fcd25471833996c092.php 第 118 行.
NOTIC: [8] Use of undefined constant vo2 - assumed 'vo2' D:\WWW\SOIL\SOIL\Runtime\Cache\Home\6692284aa9dbe4fcd25471833996c092.php 第 116 行.
NOTIC: [8] Use of undefined constant id - assumed 'id' D:\WWW\SOIL\SOIL\Runtime\Cache\Home\6692284aa9dbe4fcd25471833996c092.php 第 116 行.
NOTIC: [8] Undefined variable: id D:\WWW\SOIL\SOIL\Runtime\Cache\Home\6692284aa9dbe4fcd25471833996c092.php 第 118 行.
NOTIC: [8] Use of undefined constant vo2 - assumed 'vo2' D:\WWW\SOIL\SOIL\Runtime\Cache\Home\6692284aa9dbe4fcd25471833996c092.php 第 116 行.
NOTIC: [8] Use of undefined constant id - assumed 'id' D:\WWW\SOIL\SOIL\Runtime\Cache\Home\6692284aa9dbe4fcd25471833996c092.php 第 116 行.
NOTIC: [8] Undefined variable: id D:\WWW\SOIL\SOIL\Runtime\Cache\Home\6692284aa9dbe4fcd25471833996c092.php 第 118 行.
NOTIC: [8] Use of undefined constant vo2 - assumed 'vo2' D:\WWW\SOIL\SOIL\Runtime\Cache\Home\6692284aa9dbe4fcd25471833996c092.php 第 116 行.
NOTIC: [8] Use of undefined constant id - assumed 'id' D:\WWW\SOIL\SOIL\Runtime\Cache\Home\6692284aa9dbe4fcd25471833996c092.php 第 116 行.
NOTIC: [8] Undefined variable: id D:\WWW\SOIL\SOIL\Runtime\Cache\Home\6692284aa9dbe4fcd25471833996c092.php 第 118 行.
NOTIC: [8] Use of undefined constant vo2 - assumed 'vo2' D:\WWW\SOIL\SOIL\Runtime\Cache\Home\6692284aa9dbe4fcd25471833996c092.php 第 116 行.
NOTIC: [8] Use of undefined constant id - assumed 'id' D:\WWW\SOIL\SOIL\Runtime\Cache\Home\6692284aa9dbe4fcd25471833996c092.php 第 116 行.
NOTIC: [8] Undefined variable: id D:\WWW\SOIL\SOIL\Runtime\Cache\Home\6692284aa9dbe4fcd25471833996c092.php 第 118 行.
NOTIC: [8] Use of undefined constant vo2 - assumed 'vo2' D:\WWW\SOIL\SOIL\Runtime\Cache\Home\6692284aa9dbe4fcd25471833996c092.php 第 116 行.
NOTIC: [8] Use of undefined constant id - assumed 'id' D:\WWW\SOIL\SOIL\Runtime\Cache\Home\6692284aa9dbe4fcd25471833996c092.php 第 116 行.
NOTIC: [8] Undefined variable: id D:\WWW\SOIL\SOIL\Runtime\Cache\Home\6692284aa9dbe4fcd25471833996c092.php 第 118 行.
NOTIC: [8] Use of undefined constant vo2 - assumed 'vo2' D:\WWW\SOIL\SOIL\Runtime\Cache\Home\6692284aa9dbe4fcd25471833996c092.php 第 116 行.
NOTIC: [8] Use of undefined constant id - assumed 'id' D:\WWW\SOIL\SOIL\Runtime\Cache\Home\6692284aa9dbe4fcd25471833996c092.php 第 116 行.
NOTIC: [8] Undefined variable: id D:\WWW\SOIL\SOIL\Runtime\Cache\Home\6692284aa9dbe4fcd25471833996c092.php 第 118 行.
NOTIC: [8] Use of undefined constant vo2 - assumed 'vo2' D:\WWW\SOIL\SOIL\Runtime\Cache\Home\6692284aa9dbe4fcd25471833996c092.php 第 116 行.
NOTIC: [8] Use of undefined constant id - assumed 'id' D:\WWW\SOIL\SOIL\Runtime\Cache\Home\6692284aa9dbe4fcd25471833996c092.php 第 116 行.
NOTIC: [8] Undefined variable: id D:\WWW\SOIL\SOIL\Runtime\Cache\Home\6692284aa9dbe4fcd25471833996c092.php 第 118 行.
NOTIC: [8] Use of undefined constant vo2 - assumed 'vo2' D:\WWW\SOIL\SOIL\Runtime\Cache\Home\6692284aa9dbe4fcd25471833996c092.php 第 116 行.
NOTIC: [8] Use of undefined constant id - assumed 'id' D:\WWW\SOIL\SOIL\Runtime\Cache\Home\6692284aa9dbe4fcd25471833996c092.php 第 116 行.
NOTIC: [8] Undefined variable: id D:\WWW\SOIL\SOIL\Runtime\Cache\Home\6692284aa9dbe4fcd25471833996c092.php 第 118 行.
NOTIC: [8] Use of undefined constant vo2 - assumed 'vo2' D:\WWW\SOIL\SOIL\Runtime\Cache\Home\6692284aa9dbe4fcd25471833996c092.php 第 116 行.
NOTIC: [8] Use of undefined constant id - assumed 'id' D:\WWW\SOIL\SOIL\Runtime\Cache\Home\6692284aa9dbe4fcd25471833996c092.php 第 116 行.
NOTIC: [8] Undefined variable: id D:\WWW\SOIL\SOIL\Runtime\Cache\Home\6692284aa9dbe4fcd25471833996c092.php 第 118 行.
NOTIC: [8] Use of undefined constant vo2 - assumed 'vo2' D:\WWW\SOIL\SOIL\Runtime\Cache\Home\6692284aa9dbe4fcd25471833996c092.php 第 116 行.
NOTIC: [8] Use of undefined constant id - assumed 'id' D:\WWW\SOIL\SOIL\Runtime\Cache\Home\6692284aa9dbe4fcd25471833996c092.php 第 116 行.
NOTIC: [8] Undefined variable: id D:\WWW\SOIL\SOIL\Runtime\Cache\Home\6692284aa9dbe4fcd25471833996c092.php 第 118 行.
NOTIC: [8] Use of undefined constant vo2 - assumed 'vo2' D:\WWW\SOIL\SOIL\Runtime\Cache\Home\6692284aa9dbe4fcd25471833996c092.php 第 116 行.
NOTIC: [8] Use of undefined constant id - assumed 'id' D:\WWW\SOIL\SOIL\Runtime\Cache\Home\6692284aa9dbe4fcd25471833996c092.php 第 116 行.
NOTIC: [8] Undefined variable: id D:\WWW\SOIL\SOIL\Runtime\Cache\Home\6692284aa9dbe4fcd25471833996c092.php 第 118 行.
NOTIC: [8] Use of undefined constant vo2 - assumed 'vo2' D:\WWW\SOIL\SOIL\Runtime\Cache\Home\6692284aa9dbe4fcd25471833996c092.php 第 116 行.
NOTIC: [8] Use of undefined constant id - assumed 'id' D:\WWW\SOIL\SOIL\Runtime\Cache\Home\6692284aa9dbe4fcd25471833996c092.php 第 116 行.
NOTIC: [8] Undefined variable: id D:\WWW\SOIL\SOIL\Runtime\Cache\Home\6692284aa9dbe4fcd25471833996c092.php 第 118 行.
NOTIC: [8] Use of undefined constant vo2 - assumed 'vo2' D:\WWW\SOIL\SOIL\Runtime\Cache\Home\6692284aa9dbe4fcd25471833996c092.php 第 116 行.
NOTIC: [8] Use of undefined constant id - assumed 'id' D:\WWW\SOIL\SOIL\Runtime\Cache\Home\6692284aa9dbe4fcd25471833996c092.php 第 116 行.
NOTIC: [8] Undefined variable: id D:\WWW\SOIL\SOIL\Runtime\Cache\Home\6692284aa9dbe4fcd25471833996c092.php 第 118 行.
NOTIC: [8] Use of undefined constant vo2 - assumed 'vo2' D:\WWW\SOIL\SOIL\Runtime\Cache\Home\6692284aa9dbe4fcd25471833996c092.php 第 116 行.
NOTIC: [8] Use of undefined constant id - assumed 'id' D:\WWW\SOIL\SOIL\Runtime\Cache\Home\6692284aa9dbe4fcd25471833996c092.php 第 116 行.
NOTIC: [8] Undefined variable: id D:\WWW\SOIL\SOIL\Runtime\Cache\Home\6692284aa9dbe4fcd25471833996c092.php 第 118 行.
NOTIC: [8] Use of undefined constant vo2 - assumed 'vo2' D:\WWW\SOIL\SOIL\Runtime\Cache\Home\6692284aa9dbe4fcd25471833996c092.php 第 116 行.
NOTIC: [8] Use of undefined constant id - assumed 'id' D:\WWW\SOIL\SOIL\Runtime\Cache\Home\6692284aa9dbe4fcd25471833996c092.php 第 116 行.
NOTIC: [8] Undefined variable: id D:\WWW\SOIL\SOIL\Runtime\Cache\Home\6692284aa9dbe4fcd25471833996c092.php 第 118 行.
NOTIC: [8] Use of undefined constant vo2 - assumed 'vo2' D:\WWW\SOIL\SOIL\Runtime\Cache\Home\6692284aa9dbe4fcd25471833996c092.php 第 116 行.
NOTIC: [8] Use of undefined constant id - assumed 'id' D:\WWW\SOIL\SOIL\Runtime\Cache\Home\6692284aa9dbe4fcd25471833996c092.php 第 116 行.
NOTIC: [8] Undefined variable: id D:\WWW\SOIL\SOIL\Runtime\Cache\Home\6692284aa9dbe4fcd25471833996c092.php 第 118 行.
NOTIC: [8] Use of undefined constant vo2 - assumed 'vo2' D:\WWW\SOIL\SOIL\Runtime\Cache\Home\6692284aa9dbe4fcd25471833996c092.php 第 116 行.
NOTIC: [8] Use of undefined constant id - assumed 'id' D:\WWW\SOIL\SOIL\Runtime\Cache\Home\6692284aa9dbe4fcd25471833996c092.php 第 116 行.
NOTIC: [8] Undefined variable: id D:\WWW\SOIL\SOIL\Runtime\Cache\Home\6692284aa9dbe4fcd25471833996c092.php 第 118 行.
NOTIC: [8] Use of undefined constant vo2 - assumed 'vo2' D:\WWW\SOIL\SOIL\Runtime\Cache\Home\6692284aa9dbe4fcd25471833996c092.php 第 116 行.
NOTIC: [8] Use of undefined constant id - assumed 'id' D:\WWW\SOIL\SOIL\Runtime\Cache\Home\6692284aa9dbe4fcd25471833996c092.php 第 116 行.
NOTIC: [8] Undefined variable: id D:\WWW\SOIL\SOIL\Runtime\Cache\Home\6692284aa9dbe4fcd25471833996c092.php 第 118 行.
NOTIC: [8] Use of undefined constant vo2 - assumed 'vo2' D:\WWW\SOIL\SOIL\Runtime\Cache\Home\6692284aa9dbe4fcd25471833996c092.php 第 116 行.
NOTIC: [8] Use of undefined constant id - assumed 'id' D:\WWW\SOIL\SOIL\Runtime\Cache\Home\6692284aa9dbe4fcd25471833996c092.php 第 116 行.
NOTIC: [8] Undefined variable: id D:\WWW\SOIL\SOIL\Runtime\Cache\Home\6692284aa9dbe4fcd25471833996c092.php 第 118 行.
NOTIC: [8] Use of undefined constant vo2 - assumed 'vo2' D:\WWW\SOIL\SOIL\Runtime\Cache\Home\6692284aa9dbe4fcd25471833996c092.php 第 116 行.
NOTIC: [8] Use of undefined constant id - assumed 'id' D:\WWW\SOIL\SOIL\Runtime\Cache\Home\6692284aa9dbe4fcd25471833996c092.php 第 116 行.
NOTIC: [8] Undefined variable: id D:\WWW\SOIL\SOIL\Runtime\Cache\Home\6692284aa9dbe4fcd25471833996c092.php 第 118 行.
NOTIC: [8] Use of undefined constant vo2 - assumed 'vo2' D:\WWW\SOIL\SOIL\Runtime\Cache\Home\6692284aa9dbe4fcd25471833996c092.php 第 116 行.
NOTIC: [8] Use of undefined constant id - assumed 'id' D:\WWW\SOIL\SOIL\Runtime\Cache\Home\6692284aa9dbe4fcd25471833996c092.php 第 116 行.
NOTIC: [8] Undefined variable: id D:\WWW\SOIL\SOIL\Runtime\Cache\Home\6692284aa9dbe4fcd25471833996c092.php 第 118 行.
NOTIC: [8] Use of undefined constant vo2 - assumed 'vo2' D:\WWW\SOIL\SOIL\Runtime\Cache\Home\6692284aa9dbe4fcd25471833996c092.php 第 116 行.
NOTIC: [8] Use of undefined constant id - assumed 'id' D:\WWW\SOIL\SOIL\Runtime\Cache\Home\6692284aa9dbe4fcd25471833996c092.php 第 116 行.
NOTIC: [8] Undefined variable: id D:\WWW\SOIL\SOIL\Runtime\Cache\Home\6692284aa9dbe4fcd25471833996c092.php 第 118 行.
NOTIC: [8] Use of undefined constant vo2 - assumed 'vo2' D:\WWW\SOIL\SOIL\Runtime\Cache\Home\6692284aa9dbe4fcd25471833996c092.php 第 116 行.
NOTIC: [8] Use of undefined constant id - assumed 'id' D:\WWW\SOIL\SOIL\Runtime\Cache\Home\6692284aa9dbe4fcd25471833996c092.php 第 116 行.
NOTIC: [8] Undefined variable: id D:\WWW\SOIL\SOIL\Runtime\Cache\Home\6692284aa9dbe4fcd25471833996c092.php 第 118 行.
NOTIC: [8] Use of undefined constant vo2 - assumed 'vo2' D:\WWW\SOIL\SOIL\Runtime\Cache\Home\6692284aa9dbe4fcd25471833996c092.php 第 116 行.
NOTIC: [8] Use of undefined constant id - assumed 'id' D:\WWW\SOIL\SOIL\Runtime\Cache\Home\6692284aa9dbe4fcd25471833996c092.php 第 116 行.
NOTIC: [8] Undefined variable: id D:\WWW\SOIL\SOIL\Runtime\Cache\Home\6692284aa9dbe4fcd25471833996c092.php 第 118 行.
NOTIC: [8] Use of undefined constant vo2 - assumed 'vo2' D:\WWW\SOIL\SOIL\Runtime\Cache\Home\6692284aa9dbe4fcd25471833996c092.php 第 116 行.
NOTIC: [8] Use of undefined constant id - assumed 'id' D:\WWW\SOIL\SOIL\Runtime\Cache\Home\6692284aa9dbe4fcd25471833996c092.php 第 116 行.
NOTIC: [8] Undefined variable: id D:\WWW\SOIL\SOIL\Runtime\Cache\Home\6692284aa9dbe4fcd25471833996c092.php 第 118 行.
NOTIC: [8] Use of undefined constant vo2 - assumed 'vo2' D:\WWW\SOIL\SOIL\Runtime\Cache\Home\6692284aa9dbe4fcd25471833996c092.php 第 116 行.
NOTIC: [8] Use of undefined constant id - assumed 'id' D:\WWW\SOIL\SOIL\Runtime\Cache\Home\6692284aa9dbe4fcd25471833996c092.php 第 116 行.
NOTIC: [8] Undefined variable: id D:\WWW\SOIL\SOIL\Runtime\Cache\Home\6692284aa9dbe4fcd25471833996c092.php 第 118 行.
NOTIC: [8] Use of undefined constant vo2 - assumed 'vo2' D:\WWW\SOIL\SOIL\Runtime\Cache\Home\6692284aa9dbe4fcd25471833996c092.php 第 116 行.
NOTIC: [8] Use of undefined constant id - assumed 'id' D:\WWW\SOIL\SOIL\Runtime\Cache\Home\6692284aa9dbe4fcd25471833996c092.php 第 116 行.
NOTIC: [8] Undefined variable: id D:\WWW\SOIL\SOIL\Runtime\Cache\Home\6692284aa9dbe4fcd25471833996c092.php 第 118 行.
NOTIC: [8] Use of undefined constant vo2 - assumed 'vo2' D:\WWW\SOIL\SOIL\Runtime\Cache\Home\6692284aa9dbe4fcd25471833996c092.php 第 116 行.
NOTIC: [8] Use of undefined constant id - assumed 'id' D:\WWW\SOIL\SOIL\Runtime\Cache\Home\6692284aa9dbe4fcd25471833996c092.php 第 116 行.
NOTIC: [8] Undefined variable: id D:\WWW\SOIL\SOIL\Runtime\Cache\Home\6692284aa9dbe4fcd25471833996c092.php 第 118 行.
INFO: Run Behavior\ParseTemplateBehavior [ RunTime:0.038002s ]
INFO: [ view_parse ] --END-- [ RunTime:0.038002s ]
INFO: [ view_filter ] --START--
INFO: Run Behavior\WriteHtmlCacheBehavior [ RunTime:0.001000s ]
INFO: [ view_filter ] --END-- [ RunTime:0.001000s ]
INFO: [ app_end ] --START--
INFO: Run Behavior\ShowPageTraceBehavior [ RunTime:0.001000s ]
INFO: [ app_end ] --END-- [ RunTime:0.001000s ]

[ 2016-07-16T17:47:22+08:00 ] ::1 /soil/index.php/Home/Data/index.html
INFO: [ app_init ] --START--
INFO: Run Behavior\BuildLiteBehavior [ RunTime:0.000000s ]
INFO: [ app_init ] --END-- [ RunTime:0.000000s ]
INFO: [ app_begin ] --START--
INFO: Run Behavior\ReadHtmlCacheBehavior [ RunTime:0.001000s ]
INFO: [ app_begin ] --END-- [ RunTime:0.001000s ]
SQL: SELECT * FROM `sj_left` WHERE ( `type`='data' )  [ RunTime:0.0010s ]
SQL: SELECT * FROM `sj_top` WHERE ( `type`='技术部' )  [ RunTime:0.0010s ]
SQL: show table status [ RunTime:0.0020s ]
INFO: [ view_parse ] --START--
INFO: [ template_filter ] --START--
INFO: Run Behavior\ContentReplaceBehavior [ RunTime:0.000000s ]
INFO: [ template_filter ] --END-- [ RunTime:0.000000s ]
NOTIC: [8] Use of undefined constant Fixed - assumed 'Fixed' D:\WWW\SOIL\SOIL\Runtime\Cache\Home\a972f372076d4ed29284f4d552316221.php 第 133 行.
NOTIC: [8] Use of undefined constant Fixed - assumed 'Fixed' D:\WWW\SOIL\SOIL\Runtime\Cache\Home\a972f372076d4ed29284f4d552316221.php 第 133 行.
NOTIC: [8] Use of undefined constant Fixed - assumed 'Fixed' D:\WWW\SOIL\SOIL\Runtime\Cache\Home\a972f372076d4ed29284f4d552316221.php 第 133 行.
NOTIC: [8] Use of undefined constant Fixed - assumed 'Fixed' D:\WWW\SOIL\SOIL\Runtime\Cache\Home\a972f372076d4ed29284f4d552316221.php 第 133 行.
NOTIC: [8] Use of undefined constant Fixed - assumed 'Fixed' D:\WWW\SOIL\SOIL\Runtime\Cache\Home\a972f372076d4ed29284f4d552316221.php 第 133 行.
NOTIC: [8] Use of undefined constant Fixed - assumed 'Fixed' D:\WWW\SOIL\SOIL\Runtime\Cache\Home\a972f372076d4ed29284f4d552316221.php 第 133 行.
NOTIC: [8] Use of undefined constant Fixed - assumed 'Fixed' D:\WWW\SOIL\SOIL\Runtime\Cache\Home\a972f372076d4ed29284f4d552316221.php 第 133 行.
NOTIC: [8] Use of undefined constant Fixed - assumed 'Fixed' D:\WWW\SOIL\SOIL\Runtime\Cache\Home\a972f372076d4ed29284f4d552316221.php 第 133 行.
NOTIC: [8] Use of undefined constant Fixed - assumed 'Fixed' D:\WWW\SOIL\SOIL\Runtime\Cache\Home\a972f372076d4ed29284f4d552316221.php 第 133 行.
NOTIC: [8] Use of undefined constant Fixed - assumed 'Fixed' D:\WWW\SOIL\SOIL\Runtime\Cache\Home\a972f372076d4ed29284f4d552316221.php 第 133 行.
NOTIC: [8] Use of undefined constant Fixed - assumed 'Fixed' D:\WWW\SOIL\SOIL\Runtime\Cache\Home\a972f372076d4ed29284f4d552316221.php 第 133 行.
INFO: Run Behavior\ParseTemplateBehavior [ RunTime:0.032002s ]
INFO: [ view_parse ] --END-- [ RunTime:0.033002s ]
INFO: [ view_filter ] --START--
INFO: Run Behavior\WriteHtmlCacheBehavior [ RunTime:0.000000s ]
INFO: [ view_filter ] --END-- [ RunTime:0.001000s ]
INFO: [ app_end ] --START--
INFO: Run Behavior\ShowPageTraceBehavior [ RunTime:0.001000s ]
INFO: [ app_end ] --END-- [ RunTime:0.001000s ]

[ 2016-07-16T17:47:26+08:00 ] ::1 /soil/index.php/Home/Data/delete_tab/name/sj_demo1468662385.html
INFO: [ app_init ] --START--
INFO: Run Behavior\BuildLiteBehavior [ RunTime:0.000000s ]
INFO: [ app_init ] --END-- [ RunTime:0.001000s ]
INFO: [ app_begin ] --START--
INFO: Run Behavior\ReadHtmlCacheBehavior [ RunTime:0.001000s ]
INFO: [ app_begin ] --END-- [ RunTime:0.001000s ]
SQL: drop table `sj_demo1468662385` [ RunTime:0.0030s ]

[ 2016-07-16T17:47:27+08:00 ] ::1 /soil/index.php/Home/Data/index.html
INFO: [ app_init ] --START--
INFO: Run Behavior\BuildLiteBehavior [ RunTime:0.000000s ]
INFO: [ app_init ] --END-- [ RunTime:0.001000s ]
INFO: [ app_begin ] --START--
INFO: Run Behavior\ReadHtmlCacheBehavior [ RunTime:0.001000s ]
INFO: [ app_begin ] --END-- [ RunTime:0.001000s ]
SQL: SELECT * FROM `sj_left` WHERE ( `type`='data' )  [ RunTime:0.0010s ]
SQL: SELECT * FROM `sj_top` WHERE ( `type`='技术部' )  [ RunTime:0.0010s ]
SQL: show table status [ RunTime:0.0020s ]
INFO: [ view_parse ] --START--
INFO: [ template_filter ] --START--
INFO: Run Behavior\ContentReplaceBehavior [ RunTime:0.001000s ]
INFO: [ template_filter ] --END-- [ RunTime:0.001000s ]
NOTIC: [8] Use of undefined constant Fixed - assumed 'Fixed' D:\WWW\SOIL\SOIL\Runtime\Cache\Home\a972f372076d4ed29284f4d552316221.php 第 133 行.
NOTIC: [8] Use of undefined constant Fixed - assumed 'Fixed' D:\WWW\SOIL\SOIL\Runtime\Cache\Home\a972f372076d4ed29284f4d552316221.php 第 133 行.
NOTIC: [8] Use of undefined constant Fixed - assumed 'Fixed' D:\WWW\SOIL\SOIL\Runtime\Cache\Home\a972f372076d4ed29284f4d552316221.php 第 133 行.
NOTIC: [8] Use of undefined constant Fixed - assumed 'Fixed' D:\WWW\SOIL\SOIL\Runtime\Cache\Home\a972f372076d4ed29284f4d552316221.php 第 133 行.
NOTIC: [8] Use of undefined constant Fixed - assumed 'Fixed' D:\WWW\SOIL\SOIL\Runtime\Cache\Home\a972f372076d4ed29284f4d552316221.php 第 133 行.
NOTIC: [8] Use of undefined constant Fixed - assumed 'Fixed' D:\WWW\SOIL\SOIL\Runtime\Cache\Home\a972f372076d4ed29284f4d552316221.php 第 133 行.
NOTIC: [8] Use of undefined constant Fixed - assumed 'Fixed' D:\WWW\SOIL\SOIL\Runtime\Cache\Home\a972f372076d4ed29284f4d552316221.php 第 133 行.
NOTIC: [8] Use of undefined constant Fixed - assumed 'Fixed' D:\WWW\SOIL\SOIL\Runtime\Cache\Home\a972f372076d4ed29284f4d552316221.php 第 133 行.
NOTIC: [8] Use of undefined constant Fixed - assumed 'Fixed' D:\WWW\SOIL\SOIL\Runtime\Cache\Home\a972f372076d4ed29284f4d552316221.php 第 133 行.
NOTIC: [8] Use of undefined constant Fixed - assumed 'Fixed' D:\WWW\SOIL\SOIL\Runtime\Cache\Home\a972f372076d4ed29284f4d552316221.php 第 133 行.
INFO: Run Behavior\ParseTemplateBehavior [ RunTime:0.030002s ]
INFO: [ view_parse ] --END-- [ RunTime:0.030002s ]
INFO: [ view_filter ] --START--
INFO: Run Behavior\WriteHtmlCacheBehavior [ RunTime:0.001000s ]
INFO: [ view_filter ] --END-- [ RunTime:0.001000s ]
INFO: [ app_end ] --START--
INFO: Run Behavior\ShowPageTraceBehavior [ RunTime:0.001000s ]
INFO: [ app_end ] --END-- [ RunTime:0.001000s ]

[ 2016-07-16T17:47:30+08:00 ] ::1 /soil/index.php/Home/Data/delete_tab/name/sj_demo1468662416.html
INFO: [ app_init ] --START--
INFO: Run Behavior\BuildLiteBehavior [ RunTime:0.000000s ]
INFO: [ app_init ] --END-- [ RunTime:0.000000s ]
INFO: [ app_begin ] --START--
INFO: Run Behavior\ReadHtmlCacheBehavior [ RunTime:0.000000s ]
INFO: [ app_begin ] --END-- [ RunTime:0.000000s ]
SQL: drop table `sj_demo1468662416` [ RunTime:0.0040s ]

[ 2016-07-16T17:47:31+08:00 ] ::1 /soil/index.php/Home/Data/index.html
INFO: [ app_init ] --START--
INFO: Run Behavior\BuildLiteBehavior [ RunTime:0.001000s ]
INFO: [ app_init ] --END-- [ RunTime:0.001000s ]
INFO: [ app_begin ] --START--
INFO: Run Behavior\ReadHtmlCacheBehavior [ RunTime:0.000000s ]
INFO: [ app_begin ] --END-- [ RunTime:0.000000s ]
SQL: SELECT * FROM `sj_left` WHERE ( `type`='data' )  [ RunTime:0.0000s ]
SQL: SELECT * FROM `sj_top` WHERE ( `type`='技术部' )  [ RunTime:0.0000s ]
SQL: show table status [ RunTime:0.0020s ]
INFO: [ view_parse ] --START--
INFO: [ template_filter ] --START--
INFO: Run Behavior\ContentReplaceBehavior [ RunTime:0.001000s ]
INFO: [ template_filter ] --END-- [ RunTime:0.001000s ]
NOTIC: [8] Use of undefined constant Fixed - assumed 'Fixed' D:\WWW\SOIL\SOIL\Runtime\Cache\Home\a972f372076d4ed29284f4d552316221.php 第 133 行.
NOTIC: [8] Use of undefined constant Fixed - assumed 'Fixed' D:\WWW\SOIL\SOIL\Runtime\Cache\Home\a972f372076d4ed29284f4d552316221.php 第 133 行.
NOTIC: [8] Use of undefined constant Fixed - assumed 'Fixed' D:\WWW\SOIL\SOIL\Runtime\Cache\Home\a972f372076d4ed29284f4d552316221.php 第 133 行.
NOTIC: [8] Use of undefined constant Fixed - assumed 'Fixed' D:\WWW\SOIL\SOIL\Runtime\Cache\Home\a972f372076d4ed29284f4d552316221.php 第 133 行.
NOTIC: [8] Use of undefined constant Fixed - assumed 'Fixed' D:\WWW\SOIL\SOIL\Runtime\Cache\Home\a972f372076d4ed29284f4d552316221.php 第 133 行.
NOTIC: [8] Use of undefined constant Fixed - assumed 'Fixed' D:\WWW\SOIL\SOIL\Runtime\Cache\Home\a972f372076d4ed29284f4d552316221.php 第 133 行.
NOTIC: [8] Use of undefined constant Fixed - assumed 'Fixed' D:\WWW\SOIL\SOIL\Runtime\Cache\Home\a972f372076d4ed29284f4d552316221.php 第 133 行.
NOTIC: [8] Use of undefined constant Fixed - assumed 'Fixed' D:\WWW\SOIL\SOIL\Runtime\Cache\Home\a972f372076d4ed29284f4d552316221.php 第 133 行.
NOTIC: [8] Use of undefined constant Fixed - assumed 'Fixed' D:\WWW\SOIL\SOIL\Runtime\Cache\Home\a972f372076d4ed29284f4d552316221.php 第 133 行.
INFO: Run Behavior\ParseTemplateBehavior [ RunTime:0.027002s ]
INFO: [ view_parse ] --END-- [ RunTime:0.027002s ]
INFO: [ view_filter ] --START--
INFO: Run Behavior\WriteHtmlCacheBehavior [ RunTime:0.000000s ]
INFO: [ view_filter ] --END-- [ RunTime:0.000000s ]
INFO: [ app_end ] --START--
INFO: Run Behavior\ShowPageTraceBehavior [ RunTime:0.001000s ]
INFO: [ app_end ] --END-- [ RunTime:0.001000s ]

[ 2016-07-16T17:47:36+08:00 ] ::1 /soil/index.php/Home/User/logout.html
INFO: [ app_init ] --START--
INFO: Run Behavior\BuildLiteBehavior [ RunTime:0.000000s ]
INFO: [ app_init ] --END-- [ RunTime:0.000000s ]
INFO: [ app_begin ] --START--
INFO: Run Behavior\ReadHtmlCacheBehavior [ RunTime:0.001000s ]
INFO: [ app_begin ] --END-- [ RunTime:0.001000s ]

[ 2016-07-16T17:47:36+08:00 ] ::1 /soil/index.php/Home/User/Login.html
INFO: [ app_init ] --START--
INFO: Run Behavior\BuildLiteBehavior [ RunTime:0.000000s ]
INFO: [ app_init ] --END-- [ RunTime:0.000000s ]
INFO: [ app_begin ] --START--
INFO: Run Behavior\ReadHtmlCacheBehavior [ RunTime:0.000000s ]
INFO: [ app_begin ] --END-- [ RunTime:0.000000s ]
INFO: [ view_parse ] --START--
INFO: [ template_filter ] --START--
INFO: Run Behavior\ContentReplaceBehavior [ RunTime:0.000000s ]
INFO: [ template_filter ] --END-- [ RunTime:0.000000s ]
INFO: Run Behavior\ParseTemplateBehavior [ RunTime:0.004000s ]
INFO: [ view_parse ] --END-- [ RunTime:0.004000s ]
INFO: [ view_filter ] --START--
INFO: Run Behavior\WriteHtmlCacheBehavior [ RunTime:0.000000s ]
INFO: [ view_filter ] --END-- [ RunTime:0.000000s ]
INFO: [ app_end ] --START--
INFO: Run Behavior\ShowPageTraceBehavior [ RunTime:0.001000s ]
INFO: [ app_end ] --END-- [ RunTime:0.001000s ]

